This file contains any messages produced by compilers while
running configure, to aid debugging if configure makes a mistake.

It was created by the fast lexical analyser generator configure 2.5.37, which was
generated by GNU Autoconf 2.65.  Invocation command line was

  $ ./configure --no-create --no-recursion

## --------- ##
## Platform. ##
## --------- ##

hostname = promoambiental.fortatrust.com
uname -m = x86_64
uname -r = 2.6.18-308.el5
uname -s = Linux
uname -v = #1 SMP Tue Feb 21 20:06:06 EST 2012

/usr/bin/uname -p = unknown
/bin/uname -X     = unknown

/bin/arch              = x86_64
/usr/bin/arch -k       = unknown
/usr/convex/getsysinfo = unknown
/usr/bin/hostinfo      = unknown
/bin/machine           = unknown
/usr/bin/oslevel       = unknown
/bin/universe          = unknown

PATH: /usr/kerberos/sbin
PATH: /usr/kerberos/bin
PATH: /usr/local/sbin
PATH: /usr/local/bin
PATH: /sbin
PATH: /bin
PATH: /usr/sbin
PATH: /usr/bin
PATH: /root/bin


## ----------- ##
## Core tests. ##
## ----------- ##

configure:2310: checking for a BSD-compatible install
configure:2378: result: /usr/bin/install -c
configure:2389: checking whether build environment is sane
configure:2439: result: yes
configure:2580: checking for a thread-safe mkdir -p
configure:2619: result: /bin/mkdir -p
configure:2632: checking for gawk
configure:2648: found /bin/gawk
configure:2659: result: gawk
configure:2670: checking whether make sets $(MAKE)
configure:2692: result: yes
configure:2792: checking whether NLS is requested
configure:2801: result: yes
configure:2839: checking for msgfmt
configure:2870: result: /usr/bin/msgfmt
configure:2879: checking for gmsgfmt
configure:2910: result: /usr/bin/msgfmt
configure:2950: checking for xgettext
configure:2981: result: /usr/bin/xgettext
configure:3021: checking for msgmerge
configure:3051: result: /usr/bin/msgmerge
configure:3114: checking for style of include used by make
configure:3142: result: GNU
configure:3212: checking for gcc
configure:3228: found /usr/bin/gcc
configure:3239: result: gcc
configure:3468: checking for C compiler version
configure:3477: gcc --version >&5
gcc (GCC) 4.1.2 20080704 (Red Hat 4.1.2-52)
Copyright (C) 2006 Free Software Foundation, Inc.
This is free software; see the source for copying conditions.  There is NO
warranty; not even for MERCHANTABILITY or FITNESS FOR A PARTICULAR PURPOSE.

configure:3488: $? = 0
configure:3477: gcc -v >&5
Using built-in specs.
Target: x86_64-redhat-linux
Configured with: ../configure --prefix=/usr --mandir=/usr/share/man --infodir=/usr/share/info --enable-shared --enable-threads=posix --enable-checking=release --with-system-zlib --enable-__cxa_atexit --disable-libunwind-exceptions --enable-libgcj-multifile --enable-languages=c,c++,objc,obj-c++,java,fortran,ada --enable-java-awt=gtk --disable-dssi --disable-plugin --with-java-home=/usr/lib/jvm/java-1.4.2-gcj-1.4.2.0/jre --with-cpu=generic --host=x86_64-redhat-linux
Thread model: posix
gcc version 4.1.2 20080704 (Red Hat 4.1.2-52)
configure:3488: $? = 0
configure:3477: gcc -V >&5
gcc: '-V' option must have argument
configure:3488: $? = 1
configure:3477: gcc -qversion >&5
gcc: unrecognized option '-qversion'
gcc: no input files
configure:3488: $? = 1
configure:3508: checking whether the C compiler works
configure:3530: gcc    conftest.c  >&5
configure:3534: $? = 0
configure:3583: result: yes
configure:3586: checking for C compiler default output file name
configure:3588: result: a.out
configure:3594: checking for suffix of executables
configure:3601: gcc -o conftest    conftest.c  >&5
configure:3605: $? = 0
configure:3627: result: 
configure:3649: checking whether we are cross compiling
configure:3657: gcc -o conftest    conftest.c  >&5
configure:3661: $? = 0
configure:3668: ./conftest
configure:3672: $? = 0
configure:3687: result: no
configure:3692: checking for suffix of object files
configure:3714: gcc -c   conftest.c >&5
configure:3718: $? = 0
configure:3739: result: o
configure:3743: checking whether we are using the GNU C compiler
configure:3762: gcc -c   conftest.c >&5
configure:3762: $? = 0
configure:3771: result: yes
configure:3780: checking whether gcc accepts -g
configure:3800: gcc -c -g  conftest.c >&5
configure:3800: $? = 0
configure:3841: result: yes
configure:3858: checking for gcc option to accept ISO C89
configure:3922: gcc  -c -g -O2  conftest.c >&5
configure:3922: $? = 0
configure:3935: result: none needed
configure:3957: checking dependency style of gcc
configure:4067: result: gcc3
configure:4086: checking build system type
configure:4100: result: x86_64-unknown-linux-gnu
configure:4120: checking host system type
configure:4133: result: x86_64-unknown-linux-gnu
configure:4177: checking for ld used by GCC
configure:4240: result: /usr/bin/ld
configure:4247: checking if the linker (/usr/bin/ld) is GNU ld
GNU ld version 2.17.50.0.6-20.el5 20061020
configure:4259: result: yes
configure:4265: checking for shared library run path origin
configure:4278: result: done
configure:4695: checking whether NLS is requested
configure:4704: result: yes
configure:4722: checking for GNU gettext in libc
configure:4741: gcc -o conftest -g -O2   conftest.c  >&5
conftest.c: In function 'main':
conftest.c:18: warning: cast from pointer to integer of different size
configure:4741: $? = 0
configure:4749: result: yes
configure:5329: checking whether to use NLS
configure:5331: result: yes
configure:5334: checking where the gettext function comes from
configure:5345: result: libc
configure:5407: checking for bison
configure:5437: result: no
configure:5407: checking for byacc
configure:5437: result: no
configure:5450: checking for flex
configure:5480: result: no
configure:5450: checking for lex
configure:5480: result: no
configure:5654: checking for gcc
configure:5681: result: gcc
configure:5910: checking for C compiler version
configure:5919: gcc --version >&5
gcc (GCC) 4.1.2 20080704 (Red Hat 4.1.2-52)
Copyright (C) 2006 Free Software Foundation, Inc.
This is free software; see the source for copying conditions.  There is NO
warranty; not even for MERCHANTABILITY or FITNESS FOR A PARTICULAR PURPOSE.

configure:5930: $? = 0
configure:5919: gcc -v >&5
Using built-in specs.
Target: x86_64-redhat-linux
Configured with: ../configure --prefix=/usr --mandir=/usr/share/man --infodir=/usr/share/info --enable-shared --enable-threads=posix --enable-checking=release --with-system-zlib --enable-__cxa_atexit --disable-libunwind-exceptions --enable-libgcj-multifile --enable-languages=c,c++,objc,obj-c++,java,fortran,ada --enable-java-awt=gtk --disable-dssi --disable-plugin --with-java-home=/usr/lib/jvm/java-1.4.2-gcj-1.4.2.0/jre --with-cpu=generic --host=x86_64-redhat-linux
Thread model: posix
gcc version 4.1.2 20080704 (Red Hat 4.1.2-52)
configure:5930: $? = 0
configure:5919: gcc -V >&5
gcc: '-V' option must have argument
configure:5930: $? = 1
configure:5919: gcc -qversion >&5
gcc: unrecognized option '-qversion'
gcc: no input files
configure:5930: $? = 1
configure:5934: checking whether we are using the GNU C compiler
configure:5962: result: yes
configure:5971: checking whether gcc accepts -g
configure:6032: result: yes
configure:6049: checking for gcc option to accept ISO C89
configure:6126: result: none needed
configure:6148: checking dependency style of gcc
configure:6258: result: gcc3
configure:6331: checking for g++
configure:6347: found /usr/bin/g++
configure:6358: result: g++
configure:6385: checking for C++ compiler version
configure:6394: g++ --version >&5
g++ (GCC) 4.1.2 20080704 (Red Hat 4.1.2-52)
Copyright (C) 2006 Free Software Foundation, Inc.
This is free software; see the source for copying conditions.  There is NO
warranty; not even for MERCHANTABILITY or FITNESS FOR A PARTICULAR PURPOSE.

configure:6405: $? = 0
configure:6394: g++ -v >&5
Using built-in specs.
Target: x86_64-redhat-linux
Configured with: ../configure --prefix=/usr --mandir=/usr/share/man --infodir=/usr/share/info --enable-shared --enable-threads=posix --enable-checking=release --with-system-zlib --enable-__cxa_atexit --disable-libunwind-exceptions --enable-libgcj-multifile --enable-languages=c,c++,objc,obj-c++,java,fortran,ada --enable-java-awt=gtk --disable-dssi --disable-plugin --with-java-home=/usr/lib/jvm/java-1.4.2-gcj-1.4.2.0/jre --with-cpu=generic --host=x86_64-redhat-linux
Thread model: posix
gcc version 4.1.2 20080704 (Red Hat 4.1.2-52)
configure:6405: $? = 0
configure:6394: g++ -V >&5
g++: '-V' option must have argument
configure:6405: $? = 1
configure:6394: g++ -qversion >&5
g++: unrecognized option '-qversion'
g++: no input files
configure:6405: $? = 1
configure:6409: checking whether we are using the GNU C++ compiler
configure:6428: g++ -c   conftest.cpp >&5
configure:6428: $? = 0
configure:6437: result: yes
configure:6446: checking whether g++ accepts -g
configure:6466: g++ -c -g  conftest.cpp >&5
configure:6466: $? = 0
configure:6507: result: yes
configure:6532: checking dependency style of g++
configure:6642: result: gcc3
configure:6658: checking whether gcc and cc understand -c and -o together
configure:6689: gcc -c conftest.c -o conftest2.o >&5
configure:6693: $? = 0
configure:6699: gcc -c conftest.c -o conftest2.o >&5
configure:6703: $? = 0
configure:6714: cc -c conftest.c >&5
configure:6718: $? = 0
configure:6726: cc -c conftest.c -o conftest2.o >&5
configure:6730: $? = 0
configure:6736: cc -c conftest.c -o conftest2.o >&5
configure:6740: $? = 0
configure:6758: result: yes
configure:6783: checking whether ln -s works
configure:6787: result: yes
configure:6837: checking for ranlib
configure:6853: found /usr/bin/ranlib
configure:6864: result: ranlib
configure:6890: checking for gawk
configure:6917: result: gawk
configure:6932: checking for bison
configure:6963: result: bison
configure:6973: checking for help2man
configure:7004: result: help2man
configure:7015: checking for m4 that supports -P
configure:7048: result: /usr/bin/m4
configure:7060: checking for indent
configure:7091: result: indent
configure:7113: WARNING: no indent program found: make indent target will not function
configure:7124: checking how to run the C preprocessor
configure:7155: gcc -E  conftest.c
configure:7155: $? = 0
configure:7169: gcc -E  conftest.c
conftest.c:15:28: error: ac_nonexistent.h: No such file or directory
configure:7169: $? = 1
configure: failed program was:
| /* confdefs.h */
| #define PACKAGE_NAME "the fast lexical analyser generator"
| #define PACKAGE_TARNAME "flex"
| #define PACKAGE_VERSION "2.5.37"
| #define PACKAGE_STRING "the fast lexical analyser generator 2.5.37"
| #define PACKAGE_BUGREPORT "flex-help@lists.sourceforge.net"
| #define PACKAGE_URL ""
| #define PACKAGE "flex"
| #define VERSION "2.5.37"
| #define ENABLE_NLS 1
| #define HAVE_GETTEXT 1
| #define HAVE_DCGETTEXT 1
| #define M4 "/usr/bin/m4"
| /* end confdefs.h.  */
| #include <ac_nonexistent.h>
configure:7194: result: gcc -E
configure:7214: gcc -E  conftest.c
configure:7214: $? = 0
configure:7228: gcc -E  conftest.c
conftest.c:15:28: error: ac_nonexistent.h: No such file or directory
configure:7228: $? = 1
configure: failed program was:
| /* confdefs.h */
| #define PACKAGE_NAME "the fast lexical analyser generator"
| #define PACKAGE_TARNAME "flex"
| #define PACKAGE_VERSION "2.5.37"
| #define PACKAGE_STRING "the fast lexical analyser generator 2.5.37"
| #define PACKAGE_BUGREPORT "flex-help@lists.sourceforge.net"
| #define PACKAGE_URL ""
| #define PACKAGE "flex"
| #define VERSION "2.5.37"
| #define ENABLE_NLS 1
| #define HAVE_GETTEXT 1
| #define HAVE_DCGETTEXT 1
| #define M4 "/usr/bin/m4"
| /* end confdefs.h.  */
| #include <ac_nonexistent.h>
configure:7257: checking for grep that handles long lines and -e
configure:7315: result: /bin/grep
configure:7320: checking for egrep
configure:7382: result: /bin/grep -E
configure:7387: checking for ANSI C header files
configure:7407: gcc -c -g -O2  conftest.c >&5
configure:7407: $? = 0
configure:7480: gcc -o conftest -g -O2   conftest.c  >&5
configure:7480: $? = 0
configure:7480: ./conftest
configure:7480: $? = 0
configure:7491: result: yes
configure:7499: checking for sys/wait.h that is POSIX.1 compatible
configure:7525: gcc -c -g -O2  conftest.c >&5
configure:7525: $? = 0
configure:7532: result: yes
configure:7545: checking for sys/types.h
configure:7545: gcc -c -g -O2  conftest.c >&5
configure:7545: $? = 0
configure:7545: result: yes
configure:7545: checking for sys/stat.h
configure:7545: gcc -c -g -O2  conftest.c >&5
configure:7545: $? = 0
configure:7545: result: yes
configure:7545: checking for stdlib.h
configure:7545: gcc -c -g -O2  conftest.c >&5
configure:7545: $? = 0
configure:7545: result: yes
configure:7545: checking for string.h
configure:7545: gcc -c -g -O2  conftest.c >&5
configure:7545: $? = 0
configure:7545: result: yes
configure:7545: checking for memory.h
configure:7545: gcc -c -g -O2  conftest.c >&5
configure:7545: $? = 0
configure:7545: result: yes
configure:7545: checking for strings.h
configure:7545: gcc -c -g -O2  conftest.c >&5
configure:7545: $? = 0
configure:7545: result: yes
configure:7545: checking for inttypes.h
configure:7545: gcc -c -g -O2  conftest.c >&5
configure:7545: $? = 0
configure:7545: result: yes
configure:7545: checking for stdint.h
configure:7545: gcc -c -g -O2  conftest.c >&5
configure:7545: $? = 0
configure:7545: result: yes
configure:7545: checking for unistd.h
configure:7545: gcc -c -g -O2  conftest.c >&5
configure:7545: $? = 0
configure:7545: result: yes
configure:7561: checking for inttypes.h
configure:7561: result: yes
configure:7561: checking libintl.h usability
configure:7561: gcc -c -g -O2  conftest.c >&5
configure:7561: $? = 0
configure:7561: result: yes
configure:7561: checking libintl.h presence
configure:7561: gcc -E  conftest.c
configure:7561: $? = 0
configure:7561: result: yes
configure:7561: checking for libintl.h
configure:7561: result: yes
configure:7561: checking limits.h usability
configure:7561: gcc -c -g -O2  conftest.c >&5
configure:7561: $? = 0
configure:7561: result: yes
configure:7561: checking limits.h presence
configure:7561: gcc -E  conftest.c
configure:7561: $? = 0
configure:7561: result: yes
configure:7561: checking for limits.h
configure:7561: result: yes
configure:7561: checking locale.h usability
configure:7561: gcc -c -g -O2  conftest.c >&5
configure:7561: $? = 0
configure:7561: result: yes
configure:7561: checking locale.h presence
configure:7561: gcc -E  conftest.c
configure:7561: $? = 0
configure:7561: result: yes
configure:7561: checking for locale.h
configure:7561: result: yes
configure:7561: checking malloc.h usability
configure:7561: gcc -c -g -O2  conftest.c >&5
configure:7561: $? = 0
configure:7561: result: yes
configure:7561: checking malloc.h presence
configure:7561: gcc -E  conftest.c
configure:7561: $? = 0
configure:7561: result: yes
configure:7561: checking for malloc.h
configure:7561: result: yes
configure:7561: checking netinet/in.h usability
configure:7561: gcc -c -g -O2  conftest.c >&5
configure:7561: $? = 0
configure:7561: result: yes
configure:7561: checking netinet/in.h presence
configure:7561: gcc -E  conftest.c
configure:7561: $? = 0
configure:7561: result: yes
configure:7561: checking for netinet/in.h
configure:7561: result: yes
configure:7561: checking regex.h usability
configure:7561: gcc -c -g -O2  conftest.c >&5
configure:7561: $? = 0
configure:7561: result: yes
configure:7561: checking regex.h presence
configure:7561: gcc -E  conftest.c
configure:7561: $? = 0
configure:7561: result: yes
configure:7561: checking for regex.h
configure:7561: result: yes
configure:7561: checking stddef.h usability
configure:7561: gcc -c -g -O2  conftest.c >&5
configure:7561: $? = 0
configure:7561: result: yes
configure:7561: checking stddef.h presence
configure:7561: gcc -E  conftest.c
configure:7561: $? = 0
configure:7561: result: yes
configure:7561: checking for stddef.h
configure:7561: result: yes
configure:7561: checking for stdlib.h
configure:7561: result: yes
configure:7561: checking for string.h
configure:7561: result: yes
configure:7561: checking for strings.h
configure:7561: result: yes
configure:7561: checking for unistd.h
configure:7561: result: yes
configure:7579: checking for pthread_mutex_lock in -lpthread
configure:7604: gcc -o conftest -g -O2   conftest.c -lpthread   >&5
configure:7604: $? = 0
configure:7613: result: yes
configure:7628: checking pthread.h usability
configure:7628: gcc -c -g -O2  conftest.c >&5
configure:7628: $? = 0
configure:7628: result: yes
configure:7628: checking pthread.h presence
configure:7628: gcc -E  conftest.c
configure:7628: $? = 0
configure:7628: result: yes
configure:7628: checking for pthread.h
configure:7628: result: yes
configure:7639: checking for log10 in -lm
configure:7664: gcc -o conftest -g -O2   conftest.c -lm   >&5
conftest.c:47: warning: conflicting types for built-in function 'log10'
configure:7664: $? = 0
configure:7673: result: yes
configure:7687: checking for stdbool.h that conforms to C99
configure:7772: gcc -c -g -O2  conftest.c >&5
configure:7772: $? = 0
configure:7779: result: yes
configure:7781: checking for _Bool
configure:7781: gcc -c -g -O2  conftest.c >&5
configure:7781: $? = 0
configure:7781: gcc -c -g -O2  conftest.c >&5
conftest.c: In function 'main':
conftest.c:77: error: expected expression before ')' token
configure:7781: $? = 1
configure: failed program was:
| /* confdefs.h */
| #define PACKAGE_NAME "the fast lexical analyser generator"
| #define PACKAGE_TARNAME "flex"
| #define PACKAGE_VERSION "2.5.37"
| #define PACKAGE_STRING "the fast lexical analyser generator 2.5.37"
| #define PACKAGE_BUGREPORT "flex-help@lists.sourceforge.net"
| #define PACKAGE_URL ""
| #define PACKAGE "flex"
| #define VERSION "2.5.37"
| #define ENABLE_NLS 1
| #define HAVE_GETTEXT 1
| #define HAVE_DCGETTEXT 1
| #define M4 "/usr/bin/m4"
| #define STDC_HEADERS 1
| #define HAVE_SYS_WAIT_H 1
| #define HAVE_SYS_TYPES_H 1
| #define HAVE_SYS_STAT_H 1
| #define HAVE_STDLIB_H 1
| #define HAVE_STRING_H 1
| #define HAVE_MEMORY_H 1
| #define HAVE_STRINGS_H 1
| #define HAVE_INTTYPES_H 1
| #define HAVE_STDINT_H 1
| #define HAVE_UNISTD_H 1
| #define HAVE_INTTYPES_H 1
| #define HAVE_LIBINTL_H 1
| #define HAVE_LIMITS_H 1
| #define HAVE_LOCALE_H 1
| #define HAVE_MALLOC_H 1
| #define HAVE_NETINET_IN_H 1
| #define HAVE_REGEX_H 1
| #define HAVE_STDDEF_H 1
| #define HAVE_STDLIB_H 1
| #define HAVE_STRING_H 1
| #define HAVE_STRINGS_H 1
| #define HAVE_UNISTD_H 1
| #define HAVE_LIBPTHREAD 1
| #define HAVE_PTHREAD_H 1
| #define HAVE_LIBM 1
| /* end confdefs.h.  */
| #include <stdio.h>
| #ifdef HAVE_SYS_TYPES_H
| # include <sys/types.h>
| #endif
| #ifdef HAVE_SYS_STAT_H
| # include <sys/stat.h>
| #endif
| #ifdef STDC_HEADERS
| # include <stdlib.h>
| # include <stddef.h>
| #else
| # ifdef HAVE_STDLIB_H
| #  include <stdlib.h>
| # endif
| #endif
| #ifdef HAVE_STRING_H
| # if !defined STDC_HEADERS && defined HAVE_MEMORY_H
| #  include <memory.h>
| # endif
| # include <string.h>
| #endif
| #ifdef HAVE_STRINGS_H
| # include <strings.h>
| #endif
| #ifdef HAVE_INTTYPES_H
| # include <inttypes.h>
| #endif
| #ifdef HAVE_STDINT_H
| # include <stdint.h>
| #endif
| #ifdef HAVE_UNISTD_H
| # include <unistd.h>
| #endif
| int
| main ()
| {
| if (sizeof ((_Bool)))
| 	    return 0;
|   ;
|   return 0;
| }
configure:7781: result: yes
configure:7797: checking for an ANSI C-conforming const
configure:7862: gcc -c -g -O2  conftest.c >&5
configure:7862: $? = 0
configure:7869: result: yes
configure:7877: checking for size_t
configure:7877: gcc -c -g -O2  conftest.c >&5
configure:7877: $? = 0
configure:7877: gcc -c -g -O2  conftest.c >&5
conftest.c: In function 'main':
conftest.c:79: error: expected expression before ')' token
configure:7877: $? = 1
configure: failed program was:
| /* confdefs.h */
| #define PACKAGE_NAME "the fast lexical analyser generator"
| #define PACKAGE_TARNAME "flex"
| #define PACKAGE_VERSION "2.5.37"
| #define PACKAGE_STRING "the fast lexical analyser generator 2.5.37"
| #define PACKAGE_BUGREPORT "flex-help@lists.sourceforge.net"
| #define PACKAGE_URL ""
| #define PACKAGE "flex"
| #define VERSION "2.5.37"
| #define ENABLE_NLS 1
| #define HAVE_GETTEXT 1
| #define HAVE_DCGETTEXT 1
| #define M4 "/usr/bin/m4"
| #define STDC_HEADERS 1
| #define HAVE_SYS_WAIT_H 1
| #define HAVE_SYS_TYPES_H 1
| #define HAVE_SYS_STAT_H 1
| #define HAVE_STDLIB_H 1
| #define HAVE_STRING_H 1
| #define HAVE_MEMORY_H 1
| #define HAVE_STRINGS_H 1
| #define HAVE_INTTYPES_H 1
| #define HAVE_STDINT_H 1
| #define HAVE_UNISTD_H 1
| #define HAVE_INTTYPES_H 1
| #define HAVE_LIBINTL_H 1
| #define HAVE_LIMITS_H 1
| #define HAVE_LOCALE_H 1
| #define HAVE_MALLOC_H 1
| #define HAVE_NETINET_IN_H 1
| #define HAVE_REGEX_H 1
| #define HAVE_STDDEF_H 1
| #define HAVE_STDLIB_H 1
| #define HAVE_STRING_H 1
| #define HAVE_STRINGS_H 1
| #define HAVE_UNISTD_H 1
| #define HAVE_LIBPTHREAD 1
| #define HAVE_PTHREAD_H 1
| #define HAVE_LIBM 1
| #define HAVE__BOOL 1
| #define HAVE_STDBOOL_H 1
| /* end confdefs.h.  */
| #include <stdio.h>
| #ifdef HAVE_SYS_TYPES_H
| # include <sys/types.h>
| #endif
| #ifdef HAVE_SYS_STAT_H
| # include <sys/stat.h>
| #endif
| #ifdef STDC_HEADERS
| # include <stdlib.h>
| # include <stddef.h>
| #else
| # ifdef HAVE_STDLIB_H
| #  include <stdlib.h>
| # endif
| #endif
| #ifdef HAVE_STRING_H
| # if !defined STDC_HEADERS && defined HAVE_MEMORY_H
| #  include <memory.h>
| # endif
| # include <string.h>
| #endif
| #ifdef HAVE_STRINGS_H
| # include <strings.h>
| #endif
| #ifdef HAVE_INTTYPES_H
| # include <inttypes.h>
| #endif
| #ifdef HAVE_STDINT_H
| # include <stdint.h>
| #endif
| #ifdef HAVE_UNISTD_H
| # include <unistd.h>
| #endif
| int
| main ()
| {
| if (sizeof ((size_t)))
| 	    return 0;
|   ;
|   return 0;
| }
configure:7877: result: yes
configure:7893: checking for working alloca.h
configure:7910: gcc -o conftest -g -O2   conftest.c -lm  >&5
configure:7910: $? = 0
configure:7918: result: yes
configure:7926: checking for alloca
configure:7963: gcc -o conftest -g -O2   conftest.c -lm  >&5
configure:7963: $? = 0
configure:7971: result: yes
configure:8081: checking for pid_t
configure:8081: gcc -c -g -O2  conftest.c >&5
configure:8081: $? = 0
configure:8081: gcc -c -g -O2  conftest.c >&5
conftest.c: In function 'main':
conftest.c:81: error: expected expression before ')' token
configure:8081: $? = 1
configure: failed program was:
| /* confdefs.h */
| #define PACKAGE_NAME "the fast lexical analyser generator"
| #define PACKAGE_TARNAME "flex"
| #define PACKAGE_VERSION "2.5.37"
| #define PACKAGE_STRING "the fast lexical analyser generator 2.5.37"
| #define PACKAGE_BUGREPORT "flex-help@lists.sourceforge.net"
| #define PACKAGE_URL ""
| #define PACKAGE "flex"
| #define VERSION "2.5.37"
| #define ENABLE_NLS 1
| #define HAVE_GETTEXT 1
| #define HAVE_DCGETTEXT 1
| #define M4 "/usr/bin/m4"
| #define STDC_HEADERS 1
| #define HAVE_SYS_WAIT_H 1
| #define HAVE_SYS_TYPES_H 1
| #define HAVE_SYS_STAT_H 1
| #define HAVE_STDLIB_H 1
| #define HAVE_STRING_H 1
| #define HAVE_MEMORY_H 1
| #define HAVE_STRINGS_H 1
| #define HAVE_INTTYPES_H 1
| #define HAVE_STDINT_H 1
| #define HAVE_UNISTD_H 1
| #define HAVE_INTTYPES_H 1
| #define HAVE_LIBINTL_H 1
| #define HAVE_LIMITS_H 1
| #define HAVE_LOCALE_H 1
| #define HAVE_MALLOC_H 1
| #define HAVE_NETINET_IN_H 1
| #define HAVE_REGEX_H 1
| #define HAVE_STDDEF_H 1
| #define HAVE_STDLIB_H 1
| #define HAVE_STRING_H 1
| #define HAVE_STRINGS_H 1
| #define HAVE_UNISTD_H 1
| #define HAVE_LIBPTHREAD 1
| #define HAVE_PTHREAD_H 1
| #define HAVE_LIBM 1
| #define HAVE__BOOL 1
| #define HAVE_STDBOOL_H 1
| #define HAVE_ALLOCA_H 1
| #define HAVE_ALLOCA 1
| /* end confdefs.h.  */
| #include <stdio.h>
| #ifdef HAVE_SYS_TYPES_H
| # include <sys/types.h>
| #endif
| #ifdef HAVE_SYS_STAT_H
| # include <sys/stat.h>
| #endif
| #ifdef STDC_HEADERS
| # include <stdlib.h>
| # include <stddef.h>
| #else
| # ifdef HAVE_STDLIB_H
| #  include <stdlib.h>
| # endif
| #endif
| #ifdef HAVE_STRING_H
| # if !defined STDC_HEADERS && defined HAVE_MEMORY_H
| #  include <memory.h>
| # endif
| # include <string.h>
| #endif
| #ifdef HAVE_STRINGS_H
| # include <strings.h>
| #endif
| #ifdef HAVE_INTTYPES_H
| # include <inttypes.h>
| #endif
| #ifdef HAVE_STDINT_H
| # include <stdint.h>
| #endif
| #ifdef HAVE_UNISTD_H
| # include <unistd.h>
| #endif
| int
| main ()
| {
| if (sizeof ((pid_t)))
| 	    return 0;
|   ;
|   return 0;
| }
configure:8081: result: yes
configure:8094: checking vfork.h usability
configure:8094: gcc -c -g -O2  conftest.c >&5
conftest.c:78:19: error: vfork.h: No such file or directory
configure:8094: $? = 1
configure: failed program was:
| /* confdefs.h */
| #define PACKAGE_NAME "the fast lexical analyser generator"
| #define PACKAGE_TARNAME "flex"
| #define PACKAGE_VERSION "2.5.37"
| #define PACKAGE_STRING "the fast lexical analyser generator 2.5.37"
| #define PACKAGE_BUGREPORT "flex-help@lists.sourceforge.net"
| #define PACKAGE_URL ""
| #define PACKAGE "flex"
| #define VERSION "2.5.37"
| #define ENABLE_NLS 1
| #define HAVE_GETTEXT 1
| #define HAVE_DCGETTEXT 1
| #define M4 "/usr/bin/m4"
| #define STDC_HEADERS 1
| #define HAVE_SYS_WAIT_H 1
| #define HAVE_SYS_TYPES_H 1
| #define HAVE_SYS_STAT_H 1
| #define HAVE_STDLIB_H 1
| #define HAVE_STRING_H 1
| #define HAVE_MEMORY_H 1
| #define HAVE_STRINGS_H 1
| #define HAVE_INTTYPES_H 1
| #define HAVE_STDINT_H 1
| #define HAVE_UNISTD_H 1
| #define HAVE_INTTYPES_H 1
| #define HAVE_LIBINTL_H 1
| #define HAVE_LIMITS_H 1
| #define HAVE_LOCALE_H 1
| #define HAVE_MALLOC_H 1
| #define HAVE_NETINET_IN_H 1
| #define HAVE_REGEX_H 1
| #define HAVE_STDDEF_H 1
| #define HAVE_STDLIB_H 1
| #define HAVE_STRING_H 1
| #define HAVE_STRINGS_H 1
| #define HAVE_UNISTD_H 1
| #define HAVE_LIBPTHREAD 1
| #define HAVE_PTHREAD_H 1
| #define HAVE_LIBM 1
| #define HAVE__BOOL 1
| #define HAVE_STDBOOL_H 1
| #define HAVE_ALLOCA_H 1
| #define HAVE_ALLOCA 1
| /* end confdefs.h.  */
| #include <stdio.h>
| #ifdef HAVE_SYS_TYPES_H
| # include <sys/types.h>
| #endif
| #ifdef HAVE_SYS_STAT_H
| # include <sys/stat.h>
| #endif
| #ifdef STDC_HEADERS
| # include <stdlib.h>
| # include <stddef.h>
| #else
| # ifdef HAVE_STDLIB_H
| #  include <stdlib.h>
| # endif
| #endif
| #ifdef HAVE_STRING_H
| # if !defined STDC_HEADERS && defined HAVE_MEMORY_H
| #  include <memory.h>
| # endif
| # include <string.h>
| #endif
| #ifdef HAVE_STRINGS_H
| # include <strings.h>
| #endif
| #ifdef HAVE_INTTYPES_H
| # include <inttypes.h>
| #endif
| #ifdef HAVE_STDINT_H
| # include <stdint.h>
| #endif
| #ifdef HAVE_UNISTD_H
| # include <unistd.h>
| #endif
| #include <vfork.h>
configure:8094: result: no
configure:8094: checking vfork.h presence
configure:8094: gcc -E  conftest.c
conftest.c:45:19: error: vfork.h: No such file or directory
configure:8094: $? = 1
configure: failed program was:
| /* confdefs.h */
| #define PACKAGE_NAME "the fast lexical analyser generator"
| #define PACKAGE_TARNAME "flex"
| #define PACKAGE_VERSION "2.5.37"
| #define PACKAGE_STRING "the fast lexical analyser generator 2.5.37"
| #define PACKAGE_BUGREPORT "flex-help@lists.sourceforge.net"
| #define PACKAGE_URL ""
| #define PACKAGE "flex"
| #define VERSION "2.5.37"
| #define ENABLE_NLS 1
| #define HAVE_GETTEXT 1
| #define HAVE_DCGETTEXT 1
| #define M4 "/usr/bin/m4"
| #define STDC_HEADERS 1
| #define HAVE_SYS_WAIT_H 1
| #define HAVE_SYS_TYPES_H 1
| #define HAVE_SYS_STAT_H 1
| #define HAVE_STDLIB_H 1
| #define HAVE_STRING_H 1
| #define HAVE_MEMORY_H 1
| #define HAVE_STRINGS_H 1
| #define HAVE_INTTYPES_H 1
| #define HAVE_STDINT_H 1
| #define HAVE_UNISTD_H 1
| #define HAVE_INTTYPES_H 1
| #define HAVE_LIBINTL_H 1
| #define HAVE_LIMITS_H 1
| #define HAVE_LOCALE_H 1
| #define HAVE_MALLOC_H 1
| #define HAVE_NETINET_IN_H 1
| #define HAVE_REGEX_H 1
| #define HAVE_STDDEF_H 1
| #define HAVE_STDLIB_H 1
| #define HAVE_STRING_H 1
| #define HAVE_STRINGS_H 1
| #define HAVE_UNISTD_H 1
| #define HAVE_LIBPTHREAD 1
| #define HAVE_PTHREAD_H 1
| #define HAVE_LIBM 1
| #define HAVE__BOOL 1
| #define HAVE_STDBOOL_H 1
| #define HAVE_ALLOCA_H 1
| #define HAVE_ALLOCA 1
| /* end confdefs.h.  */
| #include <vfork.h>
configure:8094: result: no
configure:8094: checking for vfork.h
configure:8094: result: no
configure:8107: checking for fork
configure:8107: gcc -o conftest -g -O2   conftest.c -lm  >&5
conftest.c:68: warning: conflicting types for built-in function 'fork'
configure:8107: $? = 0
configure:8107: result: yes
configure:8107: checking for vfork
configure:8107: gcc -o conftest -g -O2   conftest.c -lm  >&5
configure:8107: $? = 0
configure:8107: result: yes
configure:8118: checking for working fork
configure:8140: gcc -o conftest -g -O2   conftest.c -lm  >&5
configure:8140: $? = 0
configure:8140: ./conftest
configure:8140: $? = 0
configure:8150: result: yes
configure:8171: checking for working vfork
configure:8281: result: yes
configure:8308: checking for stdlib.h
configure:8308: result: yes
configure:8318: checking for GNU libc compatible malloc
configure:8342: gcc -o conftest -g -O2   conftest.c -lm  >&5
configure:8342: $? = 0
configure:8342: ./conftest
configure:8342: $? = 0
configure:8352: result: yes
configure:8375: checking for stdlib.h
configure:8375: result: yes
configure:8385: checking for GNU libc compatible realloc
configure:8409: gcc -o conftest -g -O2   conftest.c -lm  >&5
configure:8409: $? = 0
configure:8409: ./conftest
configure:8409: $? = 0
configure:8419: result: yes
configure:8443: checking for dup2
configure:8443: gcc -o conftest -g -O2   conftest.c -lm  >&5
configure:8443: $? = 0
configure:8443: result: yes
configure:8443: checking for isascii
configure:8443: gcc -o conftest -g -O2   conftest.c -lm  >&5
conftest.c:77: warning: conflicting types for built-in function 'isascii'
configure:8443: $? = 0
configure:8443: result: yes
configure:8443: checking for memset
configure:8443: gcc -o conftest -g -O2   conftest.c -lm  >&5
conftest.c:78: warning: conflicting types for built-in function 'memset'
configure:8443: $? = 0
configure:8443: result: yes
configure:8443: checking for pow
configure:8443: gcc -o conftest -g -O2   conftest.c -lm  >&5
conftest.c:79: warning: conflicting types for built-in function 'pow'
configure:8443: $? = 0
configure:8443: result: yes
configure:8443: checking for regcomp
configure:8443: gcc -o conftest -g -O2   conftest.c -lm  >&5
configure:8443: $? = 0
configure:8443: result: yes
configure:8443: checking for setlocale
configure:8443: gcc -o conftest -g -O2   conftest.c -lm  >&5
configure:8443: $? = 0
configure:8443: result: yes
configure:8443: checking for strchr
configure:8443: gcc -o conftest -g -O2   conftest.c -lm  >&5
conftest.c:82: warning: conflicting types for built-in function 'strchr'
configure:8443: $? = 0
configure:8443: result: yes
configure:8443: checking for strtol
configure:8443: gcc -o conftest -g -O2   conftest.c -lm  >&5
configure:8443: $? = 0
configure:8443: result: yes
configure:8583: creating ./config.status

## ---------------- ##
## Cache variables. ##
## ---------------- ##

ac_cv_build=x86_64-unknown-linux-gnu
ac_cv_c_compiler_gnu=yes
ac_cv_c_const=yes
ac_cv_cxx_compiler_gnu=yes
ac_cv_env_CCC_set=
ac_cv_env_CCC_value=
ac_cv_env_CC_set=
ac_cv_env_CC_value=
ac_cv_env_CFLAGS_set=
ac_cv_env_CFLAGS_value=
ac_cv_env_CPPFLAGS_set=
ac_cv_env_CPPFLAGS_value=
ac_cv_env_CPP_set=
ac_cv_env_CPP_value=
ac_cv_env_CXXFLAGS_set=
ac_cv_env_CXXFLAGS_value=
ac_cv_env_CXX_set=
ac_cv_env_CXX_value=
ac_cv_env_LDFLAGS_set=
ac_cv_env_LDFLAGS_value=
ac_cv_env_LIBS_set=
ac_cv_env_LIBS_value=
ac_cv_env_YACC_set=
ac_cv_env_YACC_value=
ac_cv_env_YFLAGS_set=
ac_cv_env_YFLAGS_value=
ac_cv_env_build_alias_set=
ac_cv_env_build_alias_value=
ac_cv_env_host_alias_set=
ac_cv_env_host_alias_value=
ac_cv_env_target_alias_set=
ac_cv_env_target_alias_value=
ac_cv_func_alloca_works=yes
ac_cv_func_dup2=yes
ac_cv_func_fork=yes
ac_cv_func_fork_works=yes
ac_cv_func_isascii=yes
ac_cv_func_malloc_0_nonnull=yes
ac_cv_func_memset=yes
ac_cv_func_pow=yes
ac_cv_func_realloc_0_nonnull=yes
ac_cv_func_regcomp=yes
ac_cv_func_setlocale=yes
ac_cv_func_strchr=yes
ac_cv_func_strtol=yes
ac_cv_func_vfork=yes
ac_cv_func_vfork_works=yes
ac_cv_header_inttypes_h=yes
ac_cv_header_libintl_h=yes
ac_cv_header_limits_h=yes
ac_cv_header_locale_h=yes
ac_cv_header_malloc_h=yes
ac_cv_header_memory_h=yes
ac_cv_header_netinet_in_h=yes
ac_cv_header_pthread_h=yes
ac_cv_header_regex_h=yes
ac_cv_header_stdbool_h=yes
ac_cv_header_stdc=yes
ac_cv_header_stddef_h=yes
ac_cv_header_stdint_h=yes
ac_cv_header_stdlib_h=yes
ac_cv_header_string_h=yes
ac_cv_header_strings_h=yes
ac_cv_header_sys_stat_h=yes
ac_cv_header_sys_types_h=yes
ac_cv_header_sys_wait_h=yes
ac_cv_header_unistd_h=yes
ac_cv_header_vfork_h=no
ac_cv_host=x86_64-unknown-linux-gnu
ac_cv_lib_m_log10=yes
ac_cv_lib_pthread_pthread_mutex_lock=yes
ac_cv_objext=o
ac_cv_path_BISON=bison
ac_cv_path_EGREP='/bin/grep -E'
ac_cv_path_GMSGFMT=/usr/bin/msgfmt
ac_cv_path_GREP=/bin/grep
ac_cv_path_HELP2MAN=help2man
ac_cv_path_INDENT=indent
ac_cv_path_M4=/usr/bin/m4
ac_cv_path_MSGFMT=/usr/bin/msgfmt
ac_cv_path_MSGMERGE=/usr/bin/msgmerge
ac_cv_path_XGETTEXT=/usr/bin/xgettext
ac_cv_path_install='/usr/bin/install -c'
ac_cv_path_mkdir=/bin/mkdir
ac_cv_prog_AWK=gawk
ac_cv_prog_CPP='gcc -E'
ac_cv_prog_ac_ct_CC=gcc
ac_cv_prog_ac_ct_CXX=g++
ac_cv_prog_ac_ct_RANLIB=ranlib
ac_cv_prog_cc_c89=
ac_cv_prog_cc_g=yes
ac_cv_prog_cc_gcc_c_o=yes
ac_cv_prog_cxx_g=yes
ac_cv_prog_make_make_set=yes
ac_cv_type__Bool=yes
ac_cv_type_pid_t=yes
ac_cv_type_size_t=yes
ac_cv_working_alloca_h=yes
acl_cv_hardcode_direct=no
acl_cv_hardcode_libdir_flag_spec='${wl}-rpath ${wl}$libdir'
acl_cv_hardcode_libdir_separator=
acl_cv_hardcode_minus_L=no
acl_cv_libext=a
acl_cv_path_LD=/usr/bin/ld
acl_cv_prog_gnu_ld=yes
acl_cv_rpath=done
acl_cv_shlibext=so
acl_cv_wl=-Wl,
am_cv_CC_dependencies_compiler_type=gcc3
am_cv_CXX_dependencies_compiler_type=gcc3
gt_cv_func_gnugettext1_libc=yes

## ----------------- ##
## Output variables. ##
## ----------------- ##

ACLOCAL='${SHELL} /var/www/html/pa/library/flex-2.5.37/missing --run aclocal-1.11'
ALLOCA=''
AMDEPBACKSLASH='\'
AMDEP_FALSE='#'
AMDEP_TRUE=''
AMTAR='${SHELL} /var/www/html/pa/library/flex-2.5.37/missing --run tar'
AUTOCONF='${SHELL} /var/www/html/pa/library/flex-2.5.37/missing --run autoconf'
AUTOHEADER='${SHELL} /var/www/html/pa/library/flex-2.5.37/missing --run autoheader'
AUTOMAKE='${SHELL} /var/www/html/pa/library/flex-2.5.37/missing --run automake-1.11'
AWK='gawk'
BISON='bison'
CC='gcc'
CCDEPMODE='depmode=gcc3'
CFLAGS='-g -O2'
CPP='gcc -E'
CPPFLAGS=''
CXX='g++'
CXXDEPMODE='depmode=gcc3'
CXXFLAGS='-g -O2'
CYGPATH_W='echo'
DEFS='-DHAVE_CONFIG_H'
DEPDIR='.deps'
ECHO_C=''
ECHO_N='-n'
ECHO_T=''
EGREP='/bin/grep -E'
EXEEXT=''
GMSGFMT='/usr/bin/msgfmt'
GREP='/bin/grep'
HELP2MAN='help2man'
INDENT='indent'
INSTALL_DATA='${INSTALL} -m 644'
INSTALL_PROGRAM='${INSTALL}'
INSTALL_SCRIPT='${INSTALL}'
INSTALL_STRIP_PROGRAM='$(install_sh) -c -s'
INTLLIBS=''
LDFLAGS=''
LEX='${SHELL} /var/www/html/pa/library/flex-2.5.37/missing --run flex'
LEXLIB=''
LEX_OUTPUT_ROOT=''
LIBICONV='-liconv'
LIBINTL=''
LIBOBJS=''
LIBS='-lm '
LN_S='ln -s'
LTLIBICONV='-liconv'
LTLIBINTL=''
LTLIBOBJS=''
M4='/usr/bin/m4'
MAKEINFO='${SHELL} /var/www/html/pa/library/flex-2.5.37/missing --run makeinfo'
MKDIR_P='/bin/mkdir -p'
MKINSTALLDIRS='$(top_builddir)/./mkinstalldirs'
MSGFMT='/usr/bin/msgfmt'
MSGMERGE='/usr/bin/msgmerge'
OBJEXT='o'
PACKAGE='flex'
PACKAGE_BUGREPORT='flex-help@lists.sourceforge.net'
PACKAGE_NAME='the fast lexical analyser generator'
PACKAGE_STRING='the fast lexical analyser generator 2.5.37'
PACKAGE_TARNAME='flex'
PACKAGE_URL=''
PACKAGE_VERSION='2.5.37'
PATH_SEPARATOR=':'
POSUB='po'
RANLIB='ranlib'
SET_MAKE=''
SHELL='/bin/sh'
STRIP=''
USE_NLS='yes'
VERSION='2.5.37'
XGETTEXT='/usr/bin/xgettext'
YACC='yacc'
YFLAGS=''
ac_ct_CC='gcc'
ac_ct_CXX='g++'
am__EXEEXT_FALSE=''
am__EXEEXT_TRUE='#'
am__fastdepCC_FALSE='#'
am__fastdepCC_TRUE=''
am__fastdepCXX_FALSE='#'
am__fastdepCXX_TRUE=''
am__include='include'
am__isrc=''
am__leading_dot='.'
am__quote=''
am__tar='${AMTAR} chof - "$$tardir"'
am__untar='${AMTAR} xf -'
bindir='${exec_prefix}/bin'
build='x86_64-unknown-linux-gnu'
build_alias=''
build_cpu='x86_64'
build_os='linux-gnu'
build_vendor='unknown'
datadir='${datarootdir}'
datarootdir='${prefix}/share'
docdir='${datarootdir}/doc/${PACKAGE_TARNAME}'
dvidir='${docdir}'
exec_prefix='${prefix}'
host='x86_64-unknown-linux-gnu'
host_alias=''
host_cpu='x86_64'
host_os='linux-gnu'
host_vendor='unknown'
htmldir='${docdir}'
includedir='${prefix}/include'
infodir='${datarootdir}/info'
install_sh='${SHELL} /var/www/html/pa/library/flex-2.5.37/install-sh'
libdir='${exec_prefix}/lib'
libexecdir='${exec_prefix}/libexec'
localedir='${datarootdir}/locale'
localstatedir='${prefix}/var'
mandir='${datarootdir}/man'
mkdir_p='/bin/mkdir -p'
oldincludedir='/usr/include'
pdfdir='${docdir}'
prefix='/usr/local'
program_transform_name='s,x,x,'
psdir='${docdir}'
sbindir='${exec_prefix}/sbin'
sharedstatedir='${prefix}/com'
sysconfdir='${prefix}/etc'
target_alias=''

## ----------- ##
## confdefs.h. ##
## ----------- ##

/* confdefs.h */
#define PACKAGE_NAME "the fast lexical analyser generator"
#define PACKAGE_TARNAME "flex"
#define PACKAGE_VERSION "2.5.37"
#define PACKAGE_STRING "the fast lexical analyser generator 2.5.37"
#define PACKAGE_BUGREPORT "flex-help@lists.sourceforge.net"
#define PACKAGE_URL ""
#define PACKAGE "flex"
#define VERSION "2.5.37"
#define ENABLE_NLS 1
#define HAVE_GETTEXT 1
#define HAVE_DCGETTEXT 1
#define M4 "/usr/bin/m4"
#define STDC_HEADERS 1
#define HAVE_SYS_WAIT_H 1
#define HAVE_SYS_TYPES_H 1
#define HAVE_SYS_STAT_H 1
#define HAVE_STDLIB_H 1
#define HAVE_STRING_H 1
#define HAVE_MEMORY_H 1
#define HAVE_STRINGS_H 1
#define HAVE_INTTYPES_H 1
#define HAVE_STDINT_H 1
#define HAVE_UNISTD_H 1
#define HAVE_INTTYPES_H 1
#define HAVE_LIBINTL_H 1
#define HAVE_LIMITS_H 1
#define HAVE_LOCALE_H 1
#define HAVE_MALLOC_H 1
#define HAVE_NETINET_IN_H 1
#define HAVE_REGEX_H 1
#define HAVE_STDDEF_H 1
#define HAVE_STDLIB_H 1
#define HAVE_STRING_H 1
#define HAVE_STRINGS_H 1
#define HAVE_UNISTD_H 1
#define HAVE_LIBPTHREAD 1
#define HAVE_PTHREAD_H 1
#define HAVE_LIBM 1
#define HAVE__BOOL 1
#define HAVE_STDBOOL_H 1
#define HAVE_ALLOCA_H 1
#define HAVE_ALLOCA 1
#define HAVE_FORK 1
#define HAVE_VFORK 1
#define HAVE_WORKING_VFORK 1
#define HAVE_WORKING_FORK 1
#define HAVE_STDLIB_H 1
#define HAVE_MALLOC 1
#define HAVE_STDLIB_H 1
#define HAVE_REALLOC 1
#define HAVE_DUP2 1
#define HAVE_ISASCII 1
#define HAVE_MEMSET 1
#define HAVE_POW 1
#define HAVE_REGCOMP 1
#define HAVE_SETLOCALE 1
#define HAVE_STRCHR 1
#define HAVE_STRTOL 1

configure: exit 0

## ---------------------- ##
## Running config.status. ##
## ---------------------- ##

This file was extended by the fast lexical analyser generator config.status 2.5.37, which was
generated by GNU Autoconf 2.65.  Invocation command line was

  CONFIG_FILES    = 
  CONFIG_HEADERS  = 
  CONFIG_LINKS    = 
  CONFIG_COMMANDS = 
  $ ./config.status 

on promoambiental.fortatrust.com

config.status:991: creating Makefile
config.status:991: creating doc/Makefile
config.status:991: creating examples/Makefile
config.status:991: creating examples/fastwc/Makefile
config.status:991: creating examples/manual/Makefile
config.status:991: creating lib/Makefile
config.status:991: creating po/Makefile.in
config.status:1099: WARNING:  'po/Makefile.in.in' seems to ignore the --datarootdir setting
config.status:991: creating tools/Makefile
config.status:991: creating tests/Makefile
config.status:991: creating tests/TEMPLATE/Makefile
config.status:991: creating tests/test-array-nr/Makefile
config.status:991: creating tests/test-array-r/Makefile
config.status:991: creating tests/test-basic-nr/Makefile
config.status:991: creating tests/test-basic-r/Makefile
config.status:991: creating tests/test-bison-yylloc/Makefile
config.status:991: creating tests/test-bison-yylval/Makefile
config.status:991: creating tests/test-c-cpp-nr/Makefile
config.status:991: creating tests/test-c-cpp-r/Makefile
config.status:991: creating tests/test-header-nr/Makefile
config.status:991: creating tests/test-header-r/Makefile
config.status:991: creating tests/test-include-by-buffer/Makefile
config.status:991: creating tests/test-include-by-push/Makefile
config.status:991: creating tests/test-include-by-reentrant/Makefile
config.status:991: creating tests/test-multiple-scanners-nr/Makefile
config.status:991: creating tests/test-multiple-scanners-r/Makefile
config.status:991: creating tests/test-noansi-nr/Makefile
config.status:991: creating tests/test-noansi-r/Makefile
config.status:991: creating tests/test-prefix-nr/Makefile
config.status:991: creating tests/test-prefix-r/Makefile
config.status:991: creating tests/test-pthread/Makefile
config.status:991: creating tests/test-string-nr/Makefile
config.status:991: creating tests/test-string-r/Makefile
config.status:991: creating tests/test-yyextra/Makefile
config.status:991: creating tests/test-alloc-extra/Makefile
config.status:991: creating tests/test-lineno-nr/Makefile
config.status:991: creating tests/test-lineno-r/Makefile
config.status:991: creating tests/test-linedir-r/Makefile
config.status:991: creating tests/test-debug-r/Makefile
config.status:991: creating tests/test-debug-nr/Makefile
config.status:991: creating tests/test-mem-nr/Makefile
config.status:991: creating tests/test-mem-r/Makefile
config.status:991: creating tests/test-posix/Makefile
config.status:991: creating tests/test-posixly-correct/Makefile
config.status:991: creating tests/test-table-opts/Makefile
config.status:991: creating tests/test-c++-basic/Makefile
config.status:991: creating tests/test-bison-nr/Makefile
config.status:991: creating tests/test-reject/Makefile
config.status:991: creating tests/test-c++-multiple-scanners/Makefile
config.status:991: creating tests/test-top/Makefile
config.status:991: creating tests/test-rescan-nr/Makefile
config.status:991: creating tests/test-rescan-r/Makefile
config.status:991: creating tests/test-quotes/Makefile
config.status:991: creating tests/test-ccl/Makefile
config.status:991: creating tests/test-extended/Makefile
config.status:991: creating tests/test-c++-yywrap/Makefile
config.status:991: creating tests/test-concatenated-options/Makefile
config.status:991: creating config.h
config.status:1163: config.h is unchanged
config.status:1211: executing default-1 commands
config.status:1211: executing depfiles commands

## ---------------------- ##
## Running config.status. ##
## ---------------------- ##

This file was extended by the fast lexical analyser generator config.status 2.5.37, which was
generated by GNU Autoconf 2.65.  Invocation command line was

  CONFIG_FILES    = 
  CONFIG_HEADERS  = 
  CONFIG_LINKS    = 
  CONFIG_COMMANDS = 
  $ ./config.status config.h

on promoambiental.fortatrust.com

config.status:991: creating config.h
config.status:1163: config.h is unchanged
