[13-Feb-2018 22:29:47 UTC] No existe la sesión.
[20-Feb-2018 19:29:56 UTC] PHP Warning:  Cannot modify header information - headers already sent by (output started at /home/aseopad/public_html/lib/db/postgres7.php:199) in /home/aseopad/public_html/alertas/alertas.php on line 77
[20-Feb-2018 19:29:56 UTC] PHP Warning:  Cannot modify header information - headers already sent by (output started at /home/aseopad/public_html/lib/db/postgres7.php:199) in /home/aseopad/public_html/alertas/alertas.php on line 78
[20-Feb-2018 19:44:57 UTC] PHP Warning:  Cannot modify header information - headers already sent by (output started at /home/aseopad/public_html/lib/db/postgres7.php:199) in /home/aseopad/public_html/alertas/alertas.php on line 77
[20-Feb-2018 19:44:57 UTC] PHP Warning:  Cannot modify header information - headers already sent by (output started at /home/aseopad/public_html/lib/db/postgres7.php:199) in /home/aseopad/public_html/alertas/alertas.php on line 78
[20-Feb-2018 19:59:58 UTC] PHP Warning:  Cannot modify header information - headers already sent by (output started at /home/aseopad/public_html/lib/db/postgres7.php:199) in /home/aseopad/public_html/alertas/alertas.php on line 77
[20-Feb-2018 19:59:58 UTC] PHP Warning:  Cannot modify header information - headers already sent by (output started at /home/aseopad/public_html/lib/db/postgres7.php:199) in /home/aseopad/public_html/alertas/alertas.php on line 78
[20-Feb-2018 20:04:58 UTC] PHP Warning:  Cannot modify header information - headers already sent by (output started at /home/aseopad/public_html/lib/db/postgres7.php:199) in /home/aseopad/public_html/alertas/alertas.php on line 77
[20-Feb-2018 20:04:58 UTC] PHP Warning:  Cannot modify header information - headers already sent by (output started at /home/aseopad/public_html/lib/db/postgres7.php:199) in /home/aseopad/public_html/alertas/alertas.php on line 78
[20-Feb-2018 20:09:59 UTC] PHP Warning:  Cannot modify header information - headers already sent by (output started at /home/aseopad/public_html/lib/db/postgres7.php:199) in /home/aseopad/public_html/alertas/alertas.php on line 77
[20-Feb-2018 20:09:59 UTC] PHP Warning:  Cannot modify header information - headers already sent by (output started at /home/aseopad/public_html/lib/db/postgres7.php:199) in /home/aseopad/public_html/alertas/alertas.php on line 78
[20-Feb-2018 20:14:59 UTC] PHP Warning:  Cannot modify header information - headers already sent by (output started at /home/aseopad/public_html/lib/db/postgres7.php:199) in /home/aseopad/public_html/alertas/alertas.php on line 77
[20-Feb-2018 20:14:59 UTC] PHP Warning:  Cannot modify header information - headers already sent by (output started at /home/aseopad/public_html/lib/db/postgres7.php:199) in /home/aseopad/public_html/alertas/alertas.php on line 78
[25-Feb-2018 17:32:46 UTC] No existe la sesión.
[25-Feb-2018 23:08:00 UTC] No existe la sesión.
[25-Feb-2018 23:08:00 UTC] No existe la sesión.
[25-Feb-2018 23:13:00 UTC] No existe la sesión.
[25-Feb-2018 23:13:00 UTC] No existe la sesión.
[25-Feb-2018 23:18:00 UTC] No existe la sesión.
[25-Feb-2018 23:18:00 UTC] No existe la sesión.
[25-Feb-2018 23:23:01 UTC] No existe la sesión.
[25-Feb-2018 23:23:01 UTC] No existe la sesión.
[25-Feb-2018 23:28:01 UTC] No existe la sesión.
[25-Feb-2018 23:28:01 UTC] No existe la sesión.
[25-Feb-2018 23:33:01 UTC] No existe la sesión.
[25-Feb-2018 23:33:01 UTC] No existe la sesión.
[25-Feb-2018 23:38:01 UTC] No existe la sesión.
[25-Feb-2018 23:38:02 UTC] No existe la sesión.
[25-Feb-2018 23:43:02 UTC] No existe la sesión.
[25-Feb-2018 23:43:02 UTC] No existe la sesión.
[25-Feb-2018 23:48:02 UTC] No existe la sesión.
[25-Feb-2018 23:48:02 UTC] No existe la sesión.
[25-Feb-2018 23:53:02 UTC] No existe la sesión.
[25-Feb-2018 23:53:02 UTC] No existe la sesión.
[25-Feb-2018 23:58:03 UTC] No existe la sesión.
[25-Feb-2018 23:58:03 UTC] No existe la sesión.
[26-Feb-2018 00:03:03 UTC] No existe la sesión.
[26-Feb-2018 00:03:03 UTC] No existe la sesión.
[26-Feb-2018 00:08:03 UTC] No existe la sesión.
[26-Feb-2018 00:08:03 UTC] No existe la sesión.
[26-Feb-2018 00:13:03 UTC] No existe la sesión.
[26-Feb-2018 00:13:03 UTC] No existe la sesión.
[26-Feb-2018 00:18:03 UTC] No existe la sesión.
[26-Feb-2018 00:18:04 UTC] No existe la sesión.
[26-Feb-2018 00:23:04 UTC] No existe la sesión.
[26-Feb-2018 00:23:04 UTC] No existe la sesión.
[26-Feb-2018 00:28:04 UTC] No existe la sesión.
[26-Feb-2018 00:28:04 UTC] No existe la sesión.
[26-Feb-2018 00:33:04 UTC] No existe la sesión.
[26-Feb-2018 00:33:04 UTC] No existe la sesión.
[26-Feb-2018 00:38:04 UTC] No existe la sesión.
[26-Feb-2018 00:38:05 UTC] No existe la sesión.
[26-Feb-2018 00:43:05 UTC] No existe la sesión.
[26-Feb-2018 00:43:05 UTC] No existe la sesión.
[26-Feb-2018 00:48:05 UTC] No existe la sesión.
[26-Feb-2018 00:48:05 UTC] No existe la sesión.
[26-Feb-2018 00:53:05 UTC] No existe la sesión.
[26-Feb-2018 00:53:05 UTC] No existe la sesión.
[26-Feb-2018 00:58:06 UTC] No existe la sesión.
[26-Feb-2018 00:58:06 UTC] No existe la sesión.
[26-Feb-2018 01:03:06 UTC] No existe la sesión.
[26-Feb-2018 01:03:06 UTC] No existe la sesión.
[26-Feb-2018 01:08:06 UTC] No existe la sesión.
[26-Feb-2018 01:08:06 UTC] No existe la sesión.
[26-Feb-2018 01:13:06 UTC] No existe la sesión.
[26-Feb-2018 01:13:06 UTC] No existe la sesión.
[26-Feb-2018 01:18:06 UTC] No existe la sesión.
[26-Feb-2018 01:18:07 UTC] No existe la sesión.
[26-Feb-2018 01:23:07 UTC] No existe la sesión.
[26-Feb-2018 01:23:07 UTC] No existe la sesión.
[26-Feb-2018 01:28:07 UTC] No existe la sesión.
[26-Feb-2018 01:28:07 UTC] No existe la sesión.
[26-Feb-2018 01:33:07 UTC] No existe la sesión.
[26-Feb-2018 01:33:07 UTC] No existe la sesión.
[26-Feb-2018 01:38:07 UTC] No existe la sesión.
[26-Feb-2018 01:38:07 UTC] No existe la sesión.
[26-Feb-2018 01:43:08 UTC] No existe la sesión.
[26-Feb-2018 01:43:08 UTC] No existe la sesión.
[26-Feb-2018 01:48:08 UTC] No existe la sesión.
[26-Feb-2018 01:48:08 UTC] No existe la sesión.
[26-Feb-2018 01:53:08 UTC] No existe la sesión.
[26-Feb-2018 01:53:10 UTC] No existe la sesión.
[26-Feb-2018 01:58:08 UTC] No existe la sesión.
[26-Feb-2018 01:58:10 UTC] No existe la sesión.
[26-Feb-2018 02:03:09 UTC] No existe la sesión.
[26-Feb-2018 02:03:10 UTC] No existe la sesión.
[26-Feb-2018 02:08:09 UTC] No existe la sesión.
[26-Feb-2018 02:08:10 UTC] No existe la sesión.
[26-Feb-2018 12:28:41 UTC] No existe la sesión.
[28-Feb-2018 19:01:32 UTC] PHP Warning:  pg_exec(): Query failed: ERROR:  insert or update on table &quot;alertas&quot; violates foreign key constraint &quot;ref_ack_id_motivo&quot;
DETAIL:  Key (ack_id_motivo)=(1) is not present in table &quot;motivos_ack&quot;. in /home/aseopad/public_html/lib/db/postgres7.php on line 200
[28-Feb-2018 19:01:32 UTC] No se puede ejecutar la consulta:

		UPDATE alertas SET
			ack_id_motivo='1',
			ack_id_persona='0',
			ack_hora='2018-02-28 19:01:32'
		WHERE  hora &lt; '2018-02-28 18:01:32' and ack_id_motivo is null
	
Error PostgreSQL :: ERROR:  insert or update on table "alertas" violates foreign key constraint "ref_ack_id_motivo"
DETAIL:  Key (ack_id_motivo)=(1) is not present in table "motivos_ack".
[28-Feb-2018 19:02:26 UTC] PHP Warning:  pg_exec(): Query failed: ERROR:  insert or update on table &quot;alertas&quot; violates foreign key constraint &quot;ref_ack_id_motivo&quot;
DETAIL:  Key (ack_id_motivo)=(1) is not present in table &quot;motivos_ack&quot;. in /home/aseopad/public_html/lib/db/postgres7.php on line 200
[28-Feb-2018 19:02:26 UTC] No se puede ejecutar la consulta:

		UPDATE alertas SET
			ack_id_motivo='1',
			ack_id_persona='0',
			ack_hora='2018-02-28 19:02:26'
		WHERE  hora &lt; '2018-02-28 18:02:26' and ack_id_motivo is null
	
Error PostgreSQL :: ERROR:  insert or update on table "alertas" violates foreign key constraint "ref_ack_id_motivo"
DETAIL:  Key (ack_id_motivo)=(1) is not present in table "motivos_ack".
[28-Feb-2018 19:06:32 UTC] PHP Warning:  pg_exec(): Query failed: ERROR:  insert or update on table &quot;alertas&quot; violates foreign key constraint &quot;ref_ack_id_motivo&quot;
DETAIL:  Key (ack_id_motivo)=(1) is not present in table &quot;motivos_ack&quot;. in /home/aseopad/public_html/lib/db/postgres7.php on line 200
[28-Feb-2018 19:06:32 UTC] No se puede ejecutar la consulta:

		UPDATE alertas SET
			ack_id_motivo='1',
			ack_id_persona='0',
			ack_hora='2018-02-28 19:06:32'
		WHERE  hora &lt; '2018-02-28 18:06:32' and ack_id_motivo is null
	
Error PostgreSQL :: ERROR:  insert or update on table "alertas" violates foreign key constraint "ref_ack_id_motivo"
DETAIL:  Key (ack_id_motivo)=(1) is not present in table "motivos_ack".
[28-Feb-2018 19:07:27 UTC] PHP Warning:  pg_exec(): Query failed: ERROR:  insert or update on table &quot;alertas&quot; violates foreign key constraint &quot;ref_ack_id_motivo&quot;
DETAIL:  Key (ack_id_motivo)=(1) is not present in table &quot;motivos_ack&quot;. in /home/aseopad/public_html/lib/db/postgres7.php on line 200
[28-Feb-2018 19:07:27 UTC] No se puede ejecutar la consulta:

		UPDATE alertas SET
			ack_id_motivo='1',
			ack_id_persona='0',
			ack_hora='2018-02-28 19:07:27'
		WHERE  hora &lt; '2018-02-28 18:07:27' and ack_id_motivo is null
	
Error PostgreSQL :: ERROR:  insert or update on table "alertas" violates foreign key constraint "ref_ack_id_motivo"
DETAIL:  Key (ack_id_motivo)=(1) is not present in table "motivos_ack".
[28-Feb-2018 19:11:32 UTC] PHP Warning:  pg_exec(): Query failed: ERROR:  insert or update on table &quot;alertas&quot; violates foreign key constraint &quot;ref_ack_id_motivo&quot;
DETAIL:  Key (ack_id_motivo)=(1) is not present in table &quot;motivos_ack&quot;. in /home/aseopad/public_html/lib/db/postgres7.php on line 200
[28-Feb-2018 19:11:32 UTC] No se puede ejecutar la consulta:

		UPDATE alertas SET
			ack_id_motivo='1',
			ack_id_persona='0',
			ack_hora='2018-02-28 19:11:32'
		WHERE  hora &lt; '2018-02-28 18:11:32' and ack_id_motivo is null
	
Error PostgreSQL :: ERROR:  insert or update on table "alertas" violates foreign key constraint "ref_ack_id_motivo"
DETAIL:  Key (ack_id_motivo)=(1) is not present in table "motivos_ack".
[28-Feb-2018 19:12:28 UTC] PHP Warning:  pg_exec(): Query failed: ERROR:  insert or update on table &quot;alertas&quot; violates foreign key constraint &quot;ref_ack_id_motivo&quot;
DETAIL:  Key (ack_id_motivo)=(1) is not present in table &quot;motivos_ack&quot;. in /home/aseopad/public_html/lib/db/postgres7.php on line 200
[28-Feb-2018 19:12:28 UTC] No se puede ejecutar la consulta:

		UPDATE alertas SET
			ack_id_motivo='1',
			ack_id_persona='0',
			ack_hora='2018-02-28 19:12:28'
		WHERE  hora &lt; '2018-02-28 18:12:28' and ack_id_motivo is null
	
Error PostgreSQL :: ERROR:  insert or update on table "alertas" violates foreign key constraint "ref_ack_id_motivo"
DETAIL:  Key (ack_id_motivo)=(1) is not present in table "motivos_ack".
[28-Feb-2018 19:14:52 UTC] PHP Warning:  pg_exec(): Query failed: ERROR:  insert or update on table &quot;alertas&quot; violates foreign key constraint &quot;ref_ack_id_motivo&quot;
DETAIL:  Key (ack_id_motivo)=(1) is not present in table &quot;motivos_ack&quot;. in /home/aseopad/public_html/lib/db/postgres7.php on line 200
[28-Feb-2018 19:14:52 UTC] No se puede ejecutar la consulta:

		UPDATE alertas SET
			ack_id_motivo='1',
			ack_id_persona='0',
			ack_hora='2018-02-28 19:14:52'
		WHERE  hora &lt; '2018-02-28 18:14:52' and ack_id_motivo is null
	
Error PostgreSQL :: ERROR:  insert or update on table "alertas" violates foreign key constraint "ref_ack_id_motivo"
DETAIL:  Key (ack_id_motivo)=(1) is not present in table "motivos_ack".
[28-Feb-2018 19:16:33 UTC] PHP Warning:  pg_exec(): Query failed: ERROR:  insert or update on table &quot;alertas&quot; violates foreign key constraint &quot;ref_ack_id_motivo&quot;
DETAIL:  Key (ack_id_motivo)=(1) is not present in table &quot;motivos_ack&quot;. in /home/aseopad/public_html/lib/db/postgres7.php on line 200
[28-Feb-2018 19:16:33 UTC] No se puede ejecutar la consulta:

		UPDATE alertas SET
			ack_id_motivo='1',
			ack_id_persona='0',
			ack_hora='2018-02-28 19:16:33'
		WHERE  hora &lt; '2018-02-28 18:16:33' and ack_id_motivo is null
	
Error PostgreSQL :: ERROR:  insert or update on table "alertas" violates foreign key constraint "ref_ack_id_motivo"
DETAIL:  Key (ack_id_motivo)=(1) is not present in table "motivos_ack".
[28-Feb-2018 19:18:33 UTC] PHP Warning:  pg_exec(): Query failed: ERROR:  insert or update on table &quot;alertas&quot; violates foreign key constraint &quot;ref_ack_id_motivo&quot;
DETAIL:  Key (ack_id_motivo)=(1) is not present in table &quot;motivos_ack&quot;. in /home/aseopad/public_html/lib/db/postgres7.php on line 200
[28-Feb-2018 19:18:33 UTC] No se puede ejecutar la consulta:

		UPDATE alertas SET
			ack_id_motivo='1',
			ack_id_persona='0',
			ack_hora='2018-02-28 19:18:33'
		WHERE  hora &lt; '2018-02-28 18:18:33' and ack_id_motivo is null
	
Error PostgreSQL :: ERROR:  insert or update on table "alertas" violates foreign key constraint "ref_ack_id_motivo"
DETAIL:  Key (ack_id_motivo)=(1) is not present in table "motivos_ack".
[28-Feb-2018 19:18:56 UTC] PHP Warning:  pg_exec(): Query failed: ERROR:  insert or update on table &quot;alertas&quot; violates foreign key constraint &quot;ref_ack_id_motivo&quot;
DETAIL:  Key (ack_id_motivo)=(1) is not present in table &quot;motivos_ack&quot;. in /home/aseopad/public_html/lib/db/postgres7.php on line 200
[28-Feb-2018 19:18:56 UTC] No se puede ejecutar la consulta:

		UPDATE alertas SET
			ack_id_motivo='1',
			ack_id_persona='0',
			ack_hora='2018-02-28 19:18:56'
		WHERE  hora &lt; '2018-02-28 18:18:56' and ack_id_motivo is null
	
Error PostgreSQL :: ERROR:  insert or update on table "alertas" violates foreign key constraint "ref_ack_id_motivo"
DETAIL:  Key (ack_id_motivo)=(1) is not present in table "motivos_ack".
[28-Feb-2018 19:19:52 UTC] PHP Warning:  pg_exec(): Query failed: ERROR:  insert or update on table &quot;alertas&quot; violates foreign key constraint &quot;ref_ack_id_motivo&quot;
DETAIL:  Key (ack_id_motivo)=(1) is not present in table &quot;motivos_ack&quot;. in /home/aseopad/public_html/lib/db/postgres7.php on line 200
[28-Feb-2018 19:19:52 UTC] No se puede ejecutar la consulta:

		UPDATE alertas SET
			ack_id_motivo='1',
			ack_id_persona='0',
			ack_hora='2018-02-28 19:19:52'
		WHERE  hora &lt; '2018-02-28 18:19:52' and ack_id_motivo is null
	
Error PostgreSQL :: ERROR:  insert or update on table "alertas" violates foreign key constraint "ref_ack_id_motivo"
DETAIL:  Key (ack_id_motivo)=(1) is not present in table "motivos_ack".
[28-Feb-2018 19:23:56 UTC] PHP Warning:  pg_exec(): Query failed: ERROR:  insert or update on table &quot;alertas&quot; violates foreign key constraint &quot;ref_ack_id_motivo&quot;
DETAIL:  Key (ack_id_motivo)=(1) is not present in table &quot;motivos_ack&quot;. in /home/aseopad/public_html/lib/db/postgres7.php on line 200
[28-Feb-2018 19:23:56 UTC] No se puede ejecutar la consulta:

		UPDATE alertas SET
			ack_id_motivo='1',
			ack_id_persona='0',
			ack_hora='2018-02-28 19:23:56'
		WHERE  hora &lt; '2018-02-28 18:23:56' and ack_id_motivo is null
	
Error PostgreSQL :: ERROR:  insert or update on table "alertas" violates foreign key constraint "ref_ack_id_motivo"
DETAIL:  Key (ack_id_motivo)=(1) is not present in table "motivos_ack".
[28-Feb-2018 19:24:53 UTC] PHP Warning:  pg_exec(): Query failed: ERROR:  insert or update on table &quot;alertas&quot; violates foreign key constraint &quot;ref_ack_id_motivo&quot;
DETAIL:  Key (ack_id_motivo)=(1) is not present in table &quot;motivos_ack&quot;. in /home/aseopad/public_html/lib/db/postgres7.php on line 200
[28-Feb-2018 19:24:53 UTC] No se puede ejecutar la consulta:

		UPDATE alertas SET
			ack_id_motivo='1',
			ack_id_persona='0',
			ack_hora='2018-02-28 19:24:53'
		WHERE  hora &lt; '2018-02-28 18:24:53' and ack_id_motivo is null
	
Error PostgreSQL :: ERROR:  insert or update on table "alertas" violates foreign key constraint "ref_ack_id_motivo"
DETAIL:  Key (ack_id_motivo)=(1) is not present in table "motivos_ack".
[28-Feb-2018 19:28:57 UTC] PHP Warning:  pg_exec(): Query failed: ERROR:  insert or update on table &quot;alertas&quot; violates foreign key constraint &quot;ref_ack_id_motivo&quot;
DETAIL:  Key (ack_id_motivo)=(1) is not present in table &quot;motivos_ack&quot;. in /home/aseopad/public_html/lib/db/postgres7.php on line 200
[28-Feb-2018 19:28:57 UTC] No se puede ejecutar la consulta:

		UPDATE alertas SET
			ack_id_motivo='1',
			ack_id_persona='0',
			ack_hora='2018-02-28 19:28:57'
		WHERE  hora &lt; '2018-02-28 18:28:57' and ack_id_motivo is null
	
Error PostgreSQL :: ERROR:  insert or update on table "alertas" violates foreign key constraint "ref_ack_id_motivo"
DETAIL:  Key (ack_id_motivo)=(1) is not present in table "motivos_ack".
[28-Feb-2018 19:29:54 UTC] PHP Warning:  pg_exec(): Query failed: ERROR:  insert or update on table &quot;alertas&quot; violates foreign key constraint &quot;ref_ack_id_motivo&quot;
DETAIL:  Key (ack_id_motivo)=(1) is not present in table &quot;motivos_ack&quot;. in /home/aseopad/public_html/lib/db/postgres7.php on line 200
[28-Feb-2018 19:29:54 UTC] No se puede ejecutar la consulta:

		UPDATE alertas SET
			ack_id_motivo='1',
			ack_id_persona='0',
			ack_hora='2018-02-28 19:29:54'
		WHERE  hora &lt; '2018-02-28 18:29:54' and ack_id_motivo is null
	
Error PostgreSQL :: ERROR:  insert or update on table "alertas" violates foreign key constraint "ref_ack_id_motivo"
DETAIL:  Key (ack_id_motivo)=(1) is not present in table "motivos_ack".
[28-Feb-2018 19:33:57 UTC] PHP Warning:  pg_exec(): Query failed: ERROR:  insert or update on table &quot;alertas&quot; violates foreign key constraint &quot;ref_ack_id_motivo&quot;
DETAIL:  Key (ack_id_motivo)=(1) is not present in table &quot;motivos_ack&quot;. in /home/aseopad/public_html/lib/db/postgres7.php on line 200
[28-Feb-2018 19:33:57 UTC] No se puede ejecutar la consulta:

		UPDATE alertas SET
			ack_id_motivo='1',
			ack_id_persona='0',
			ack_hora='2018-02-28 19:33:57'
		WHERE  hora &lt; '2018-02-28 18:33:57' and ack_id_motivo is null
	
Error PostgreSQL :: ERROR:  insert or update on table "alertas" violates foreign key constraint "ref_ack_id_motivo"
DETAIL:  Key (ack_id_motivo)=(1) is not present in table "motivos_ack".
[28-Feb-2018 19:34:55 UTC] PHP Warning:  pg_exec(): Query failed: ERROR:  insert or update on table &quot;alertas&quot; violates foreign key constraint &quot;ref_ack_id_motivo&quot;
DETAIL:  Key (ack_id_motivo)=(1) is not present in table &quot;motivos_ack&quot;. in /home/aseopad/public_html/lib/db/postgres7.php on line 200
[28-Feb-2018 19:34:55 UTC] No se puede ejecutar la consulta:

		UPDATE alertas SET
			ack_id_motivo='1',
			ack_id_persona='0',
			ack_hora='2018-02-28 19:34:55'
		WHERE  hora &lt; '2018-02-28 18:34:55' and ack_id_motivo is null
	
Error PostgreSQL :: ERROR:  insert or update on table "alertas" violates foreign key constraint "ref_ack_id_motivo"
DETAIL:  Key (ack_id_motivo)=(1) is not present in table "motivos_ack".
[28-Feb-2018 19:38:57 UTC] PHP Warning:  pg_exec(): Query failed: ERROR:  insert or update on table &quot;alertas&quot; violates foreign key constraint &quot;ref_ack_id_motivo&quot;
DETAIL:  Key (ack_id_motivo)=(1) is not present in table &quot;motivos_ack&quot;. in /home/aseopad/public_html/lib/db/postgres7.php on line 200
[28-Feb-2018 19:38:57 UTC] No se puede ejecutar la consulta:

		UPDATE alertas SET
			ack_id_motivo='1',
			ack_id_persona='0',
			ack_hora='2018-02-28 19:38:57'
		WHERE  hora &lt; '2018-02-28 18:38:57' and ack_id_motivo is null
	
Error PostgreSQL :: ERROR:  insert or update on table "alertas" violates foreign key constraint "ref_ack_id_motivo"
DETAIL:  Key (ack_id_motivo)=(1) is not present in table "motivos_ack".
[28-Feb-2018 19:43:58 UTC] PHP Warning:  pg_exec(): Query failed: ERROR:  insert or update on table &quot;alertas&quot; violates foreign key constraint &quot;ref_ack_id_motivo&quot;
DETAIL:  Key (ack_id_motivo)=(1) is not present in table &quot;motivos_ack&quot;. in /home/aseopad/public_html/lib/db/postgres7.php on line 200
[28-Feb-2018 19:43:58 UTC] No se puede ejecutar la consulta:

		UPDATE alertas SET
			ack_id_motivo='1',
			ack_id_persona='0',
			ack_hora='2018-02-28 19:43:58'
		WHERE  hora &lt; '2018-02-28 18:43:58' and ack_id_motivo is null
	
Error PostgreSQL :: ERROR:  insert or update on table "alertas" violates foreign key constraint "ref_ack_id_motivo"
DETAIL:  Key (ack_id_motivo)=(1) is not present in table "motivos_ack".
[28-Feb-2018 19:48:58 UTC] PHP Warning:  pg_exec(): Query failed: ERROR:  insert or update on table &quot;alertas&quot; violates foreign key constraint &quot;ref_ack_id_motivo&quot;
DETAIL:  Key (ack_id_motivo)=(1) is not present in table &quot;motivos_ack&quot;. in /home/aseopad/public_html/lib/db/postgres7.php on line 200
[28-Feb-2018 19:48:58 UTC] No se puede ejecutar la consulta:

		UPDATE alertas SET
			ack_id_motivo='1',
			ack_id_persona='0',
			ack_hora='2018-02-28 19:48:58'
		WHERE  hora &lt; '2018-02-28 18:48:58' and ack_id_motivo is null
	
Error PostgreSQL :: ERROR:  insert or update on table "alertas" violates foreign key constraint "ref_ack_id_motivo"
DETAIL:  Key (ack_id_motivo)=(1) is not present in table "motivos_ack".
[28-Feb-2018 19:53:58 UTC] PHP Warning:  pg_exec(): Query failed: ERROR:  insert or update on table &quot;alertas&quot; violates foreign key constraint &quot;ref_ack_id_motivo&quot;
DETAIL:  Key (ack_id_motivo)=(1) is not present in table &quot;motivos_ack&quot;. in /home/aseopad/public_html/lib/db/postgres7.php on line 200
[28-Feb-2018 19:53:58 UTC] No se puede ejecutar la consulta:

		UPDATE alertas SET
			ack_id_motivo='1',
			ack_id_persona='0',
			ack_hora='2018-02-28 19:53:58'
		WHERE  hora &lt; '2018-02-28 18:53:58' and ack_id_motivo is null
	
Error PostgreSQL :: ERROR:  insert or update on table "alertas" violates foreign key constraint "ref_ack_id_motivo"
DETAIL:  Key (ack_id_motivo)=(1) is not present in table "motivos_ack".
[28-Feb-2018 19:58:22 UTC] PHP Warning:  pg_exec(): Query failed: ERROR:  insert or update on table &quot;alertas&quot; violates foreign key constraint &quot;ref_ack_id_motivo&quot;
DETAIL:  Key (ack_id_motivo)=(1) is not present in table &quot;motivos_ack&quot;. in /home/aseopad/public_html/lib/db/postgres7.php on line 200
[28-Feb-2018 19:58:22 UTC] No se puede ejecutar la consulta:

		UPDATE alertas SET
			ack_id_motivo='1',
			ack_id_persona='0',
			ack_hora='2018-02-28 19:58:22'
		WHERE  hora &lt; '2018-02-28 18:58:22' and ack_id_motivo is null
	
Error PostgreSQL :: ERROR:  insert or update on table "alertas" violates foreign key constraint "ref_ack_id_motivo"
DETAIL:  Key (ack_id_motivo)=(1) is not present in table "motivos_ack".
[28-Feb-2018 19:58:59 UTC] PHP Warning:  pg_exec(): Query failed: ERROR:  insert or update on table &quot;alertas&quot; violates foreign key constraint &quot;ref_ack_id_motivo&quot;
DETAIL:  Key (ack_id_motivo)=(1) is not present in table &quot;motivos_ack&quot;. in /home/aseopad/public_html/lib/db/postgres7.php on line 200
[28-Feb-2018 19:58:59 UTC] No se puede ejecutar la consulta:

		UPDATE alertas SET
			ack_id_motivo='1',
			ack_id_persona='0',
			ack_hora='2018-02-28 19:58:59'
		WHERE  hora &lt; '2018-02-28 18:58:59' and ack_id_motivo is null
	
Error PostgreSQL :: ERROR:  insert or update on table "alertas" violates foreign key constraint "ref_ack_id_motivo"
DETAIL:  Key (ack_id_motivo)=(1) is not present in table "motivos_ack".
[28-Feb-2018 20:03:23 UTC] PHP Warning:  pg_exec(): Query failed: ERROR:  insert or update on table &quot;alertas&quot; violates foreign key constraint &quot;ref_ack_id_motivo&quot;
DETAIL:  Key (ack_id_motivo)=(1) is not present in table &quot;motivos_ack&quot;. in /home/aseopad/public_html/lib/db/postgres7.php on line 200
[28-Feb-2018 20:03:23 UTC] No se puede ejecutar la consulta:

		UPDATE alertas SET
			ack_id_motivo='1',
			ack_id_persona='0',
			ack_hora='2018-02-28 20:03:23'
		WHERE  hora &lt; '2018-02-28 19:03:23' and ack_id_motivo is null
	
Error PostgreSQL :: ERROR:  insert or update on table "alertas" violates foreign key constraint "ref_ack_id_motivo"
DETAIL:  Key (ack_id_motivo)=(1) is not present in table "motivos_ack".
[28-Feb-2018 20:03:59 UTC] PHP Warning:  pg_exec(): Query failed: ERROR:  insert or update on table &quot;alertas&quot; violates foreign key constraint &quot;ref_ack_id_motivo&quot;
DETAIL:  Key (ack_id_motivo)=(1) is not present in table &quot;motivos_ack&quot;. in /home/aseopad/public_html/lib/db/postgres7.php on line 200
[28-Feb-2018 20:03:59 UTC] No se puede ejecutar la consulta:

		UPDATE alertas SET
			ack_id_motivo='1',
			ack_id_persona='0',
			ack_hora='2018-02-28 20:03:59'
		WHERE  hora &lt; '2018-02-28 19:03:59' and ack_id_motivo is null
	
Error PostgreSQL :: ERROR:  insert or update on table "alertas" violates foreign key constraint "ref_ack_id_motivo"
DETAIL:  Key (ack_id_motivo)=(1) is not present in table "motivos_ack".
[28-Feb-2018 20:08:24 UTC] PHP Warning:  pg_exec(): Query failed: ERROR:  insert or update on table &quot;alertas&quot; violates foreign key constraint &quot;ref_ack_id_motivo&quot;
DETAIL:  Key (ack_id_motivo)=(1) is not present in table &quot;motivos_ack&quot;. in /home/aseopad/public_html/lib/db/postgres7.php on line 200
[28-Feb-2018 20:08:24 UTC] No se puede ejecutar la consulta:

		UPDATE alertas SET
			ack_id_motivo='1',
			ack_id_persona='0',
			ack_hora='2018-02-28 20:08:24'
		WHERE  hora &lt; '2018-02-28 19:08:24' and ack_id_motivo is null
	
Error PostgreSQL :: ERROR:  insert or update on table "alertas" violates foreign key constraint "ref_ack_id_motivo"
DETAIL:  Key (ack_id_motivo)=(1) is not present in table "motivos_ack".
[28-Feb-2018 20:08:59 UTC] PHP Warning:  pg_exec(): Query failed: ERROR:  insert or update on table &quot;alertas&quot; violates foreign key constraint &quot;ref_ack_id_motivo&quot;
DETAIL:  Key (ack_id_motivo)=(1) is not present in table &quot;motivos_ack&quot;. in /home/aseopad/public_html/lib/db/postgres7.php on line 200
[28-Feb-2018 20:08:59 UTC] No se puede ejecutar la consulta:

		UPDATE alertas SET
			ack_id_motivo='1',
			ack_id_persona='0',
			ack_hora='2018-02-28 20:08:59'
		WHERE  hora &lt; '2018-02-28 19:08:59' and ack_id_motivo is null
	
Error PostgreSQL :: ERROR:  insert or update on table "alertas" violates foreign key constraint "ref_ack_id_motivo"
DETAIL:  Key (ack_id_motivo)=(1) is not present in table "motivos_ack".
[28-Feb-2018 20:13:25 UTC] PHP Warning:  pg_exec(): Query failed: ERROR:  insert or update on table &quot;alertas&quot; violates foreign key constraint &quot;ref_ack_id_motivo&quot;
DETAIL:  Key (ack_id_motivo)=(1) is not present in table &quot;motivos_ack&quot;. in /home/aseopad/public_html/lib/db/postgres7.php on line 200
[28-Feb-2018 20:13:25 UTC] No se puede ejecutar la consulta:

		UPDATE alertas SET
			ack_id_motivo='1',
			ack_id_persona='0',
			ack_hora='2018-02-28 20:13:25'
		WHERE  hora &lt; '2018-02-28 19:13:25' and ack_id_motivo is null
	
Error PostgreSQL :: ERROR:  insert or update on table "alertas" violates foreign key constraint "ref_ack_id_motivo"
DETAIL:  Key (ack_id_motivo)=(1) is not present in table "motivos_ack".
[28-Feb-2018 20:13:59 UTC] PHP Warning:  pg_exec(): Query failed: ERROR:  insert or update on table &quot;alertas&quot; violates foreign key constraint &quot;ref_ack_id_motivo&quot;
DETAIL:  Key (ack_id_motivo)=(1) is not present in table &quot;motivos_ack&quot;. in /home/aseopad/public_html/lib/db/postgres7.php on line 200
[28-Feb-2018 20:13:59 UTC] No se puede ejecutar la consulta:

		UPDATE alertas SET
			ack_id_motivo='1',
			ack_id_persona='0',
			ack_hora='2018-02-28 20:13:59'
		WHERE  hora &lt; '2018-02-28 19:13:59' and ack_id_motivo is null
	
Error PostgreSQL :: ERROR:  insert or update on table "alertas" violates foreign key constraint "ref_ack_id_motivo"
DETAIL:  Key (ack_id_motivo)=(1) is not present in table "motivos_ack".
[28-Feb-2018 20:18:26 UTC] PHP Warning:  pg_exec(): Query failed: ERROR:  insert or update on table &quot;alertas&quot; violates foreign key constraint &quot;ref_ack_id_motivo&quot;
DETAIL:  Key (ack_id_motivo)=(1) is not present in table &quot;motivos_ack&quot;. in /home/aseopad/public_html/lib/db/postgres7.php on line 200
[28-Feb-2018 20:18:26 UTC] No se puede ejecutar la consulta:

		UPDATE alertas SET
			ack_id_motivo='1',
			ack_id_persona='0',
			ack_hora='2018-02-28 20:18:26'
		WHERE  hora &lt; '2018-02-28 19:18:26' and ack_id_motivo is null
	
Error PostgreSQL :: ERROR:  insert or update on table "alertas" violates foreign key constraint "ref_ack_id_motivo"
DETAIL:  Key (ack_id_motivo)=(1) is not present in table "motivos_ack".
[28-Feb-2018 20:19:00 UTC] PHP Warning:  pg_exec(): Query failed: ERROR:  insert or update on table &quot;alertas&quot; violates foreign key constraint &quot;ref_ack_id_motivo&quot;
DETAIL:  Key (ack_id_motivo)=(1) is not present in table &quot;motivos_ack&quot;. in /home/aseopad/public_html/lib/db/postgres7.php on line 200
[28-Feb-2018 20:19:00 UTC] No se puede ejecutar la consulta:

		UPDATE alertas SET
			ack_id_motivo='1',
			ack_id_persona='0',
			ack_hora='2018-02-28 20:19:00'
		WHERE  hora &lt; '2018-02-28 19:19:00' and ack_id_motivo is null
	
Error PostgreSQL :: ERROR:  insert or update on table "alertas" violates foreign key constraint "ref_ack_id_motivo"
DETAIL:  Key (ack_id_motivo)=(1) is not present in table "motivos_ack".
[28-Feb-2018 20:23:27 UTC] PHP Warning:  pg_exec(): Query failed: ERROR:  insert or update on table &quot;alertas&quot; violates foreign key constraint &quot;ref_ack_id_motivo&quot;
DETAIL:  Key (ack_id_motivo)=(1) is not present in table &quot;motivos_ack&quot;. in /home/aseopad/public_html/lib/db/postgres7.php on line 200
[28-Feb-2018 20:23:27 UTC] No se puede ejecutar la consulta:

		UPDATE alertas SET
			ack_id_motivo='1',
			ack_id_persona='0',
			ack_hora='2018-02-28 20:23:27'
		WHERE  hora &lt; '2018-02-28 19:23:27' and ack_id_motivo is null
	
Error PostgreSQL :: ERROR:  insert or update on table "alertas" violates foreign key constraint "ref_ack_id_motivo"
DETAIL:  Key (ack_id_motivo)=(1) is not present in table "motivos_ack".
[28-Feb-2018 20:24:00 UTC] PHP Warning:  pg_exec(): Query failed: ERROR:  insert or update on table &quot;alertas&quot; violates foreign key constraint &quot;ref_ack_id_motivo&quot;
DETAIL:  Key (ack_id_motivo)=(1) is not present in table &quot;motivos_ack&quot;. in /home/aseopad/public_html/lib/db/postgres7.php on line 200
[28-Feb-2018 20:24:00 UTC] No se puede ejecutar la consulta:

		UPDATE alertas SET
			ack_id_motivo='1',
			ack_id_persona='0',
			ack_hora='2018-02-28 20:24:00'
		WHERE  hora &lt; '2018-02-28 19:24:00' and ack_id_motivo is null
	
Error PostgreSQL :: ERROR:  insert or update on table "alertas" violates foreign key constraint "ref_ack_id_motivo"
DETAIL:  Key (ack_id_motivo)=(1) is not present in table "motivos_ack".
[28-Feb-2018 20:28:28 UTC] PHP Warning:  pg_exec(): Query failed: ERROR:  insert or update on table &quot;alertas&quot; violates foreign key constraint &quot;ref_ack_id_motivo&quot;
DETAIL:  Key (ack_id_motivo)=(1) is not present in table &quot;motivos_ack&quot;. in /home/aseopad/public_html/lib/db/postgres7.php on line 200
[28-Feb-2018 20:28:28 UTC] No se puede ejecutar la consulta:

		UPDATE alertas SET
			ack_id_motivo='1',
			ack_id_persona='0',
			ack_hora='2018-02-28 20:28:28'
		WHERE  hora &lt; '2018-02-28 19:28:28' and ack_id_motivo is null
	
Error PostgreSQL :: ERROR:  insert or update on table "alertas" violates foreign key constraint "ref_ack_id_motivo"
DETAIL:  Key (ack_id_motivo)=(1) is not present in table "motivos_ack".
[28-Feb-2018 20:28:36 UTC] PHP Warning:  pg_exec(): Query failed: ERROR:  insert or update on table &quot;alertas&quot; violates foreign key constraint &quot;ref_ack_id_motivo&quot;
DETAIL:  Key (ack_id_motivo)=(1) is not present in table &quot;motivos_ack&quot;. in /home/aseopad/public_html/lib/db/postgres7.php on line 200
[28-Feb-2018 20:28:36 UTC] No se puede ejecutar la consulta:

		UPDATE alertas SET
			ack_id_motivo='1',
			ack_id_persona='0',
			ack_hora='2018-02-28 20:28:36'
		WHERE  hora &lt; '2018-02-28 19:28:36' and ack_id_motivo is null
	
Error PostgreSQL :: ERROR:  insert or update on table "alertas" violates foreign key constraint "ref_ack_id_motivo"
DETAIL:  Key (ack_id_motivo)=(1) is not present in table "motivos_ack".
[28-Feb-2018 20:29:00 UTC] PHP Warning:  pg_exec(): Query failed: ERROR:  insert or update on table &quot;alertas&quot; violates foreign key constraint &quot;ref_ack_id_motivo&quot;
DETAIL:  Key (ack_id_motivo)=(1) is not present in table &quot;motivos_ack&quot;. in /home/aseopad/public_html/lib/db/postgres7.php on line 200
[28-Feb-2018 20:29:00 UTC] No se puede ejecutar la consulta:

		UPDATE alertas SET
			ack_id_motivo='1',
			ack_id_persona='0',
			ack_hora='2018-02-28 20:29:00'
		WHERE  hora &lt; '2018-02-28 19:29:00' and ack_id_motivo is null
	
Error PostgreSQL :: ERROR:  insert or update on table "alertas" violates foreign key constraint "ref_ack_id_motivo"
DETAIL:  Key (ack_id_motivo)=(1) is not present in table "motivos_ack".
[28-Feb-2018 20:34:00 UTC] PHP Warning:  pg_exec(): Query failed: ERROR:  insert or update on table &quot;alertas&quot; violates foreign key constraint &quot;ref_ack_id_motivo&quot;
DETAIL:  Key (ack_id_motivo)=(1) is not present in table &quot;motivos_ack&quot;. in /home/aseopad/public_html/lib/db/postgres7.php on line 200
[28-Feb-2018 20:34:00 UTC] No se puede ejecutar la consulta:

		UPDATE alertas SET
			ack_id_motivo='1',
			ack_id_persona='0',
			ack_hora='2018-02-28 20:34:00'
		WHERE  hora &lt; '2018-02-28 19:34:00' and ack_id_motivo is null
	
Error PostgreSQL :: ERROR:  insert or update on table "alertas" violates foreign key constraint "ref_ack_id_motivo"
DETAIL:  Key (ack_id_motivo)=(1) is not present in table "motivos_ack".
[28-Feb-2018 20:39:01 UTC] PHP Warning:  pg_exec(): Query failed: ERROR:  insert or update on table &quot;alertas&quot; violates foreign key constraint &quot;ref_ack_id_motivo&quot;
DETAIL:  Key (ack_id_motivo)=(1) is not present in table &quot;motivos_ack&quot;. in /home/aseopad/public_html/lib/db/postgres7.php on line 200
[28-Feb-2018 20:39:01 UTC] No se puede ejecutar la consulta:

		UPDATE alertas SET
			ack_id_motivo='1',
			ack_id_persona='0',
			ack_hora='2018-02-28 20:39:01'
		WHERE  hora &lt; '2018-02-28 19:39:01' and ack_id_motivo is null
	
Error PostgreSQL :: ERROR:  insert or update on table "alertas" violates foreign key constraint "ref_ack_id_motivo"
DETAIL:  Key (ack_id_motivo)=(1) is not present in table "motivos_ack".
[28-Feb-2018 20:43:31 UTC] PHP Warning:  pg_exec(): Query failed: ERROR:  insert or update on table &quot;alertas&quot; violates foreign key constraint &quot;ref_ack_id_motivo&quot;
DETAIL:  Key (ack_id_motivo)=(1) is not present in table &quot;motivos_ack&quot;. in /home/aseopad/public_html/lib/db/postgres7.php on line 200
[28-Feb-2018 20:43:31 UTC] No se puede ejecutar la consulta:

		UPDATE alertas SET
			ack_id_motivo='1',
			ack_id_persona='0',
			ack_hora='2018-02-28 20:43:31'
		WHERE  hora &lt; '2018-02-28 19:43:31' and ack_id_motivo is null
	
Error PostgreSQL :: ERROR:  insert or update on table "alertas" violates foreign key constraint "ref_ack_id_motivo"
DETAIL:  Key (ack_id_motivo)=(1) is not present in table "motivos_ack".
[28-Feb-2018 20:44:01 UTC] PHP Warning:  pg_exec(): Query failed: ERROR:  insert or update on table &quot;alertas&quot; violates foreign key constraint &quot;ref_ack_id_motivo&quot;
DETAIL:  Key (ack_id_motivo)=(1) is not present in table &quot;motivos_ack&quot;. in /home/aseopad/public_html/lib/db/postgres7.php on line 200
[28-Feb-2018 20:44:01 UTC] No se puede ejecutar la consulta:

		UPDATE alertas SET
			ack_id_motivo='1',
			ack_id_persona='0',
			ack_hora='2018-02-28 20:44:01'
		WHERE  hora &lt; '2018-02-28 19:44:01' and ack_id_motivo is null
	
Error PostgreSQL :: ERROR:  insert or update on table "alertas" violates foreign key constraint "ref_ack_id_motivo"
DETAIL:  Key (ack_id_motivo)=(1) is not present in table "motivos_ack".
[28-Feb-2018 20:48:31 UTC] PHP Warning:  pg_exec(): Query failed: ERROR:  insert or update on table &quot;alertas&quot; violates foreign key constraint &quot;ref_ack_id_motivo&quot;
DETAIL:  Key (ack_id_motivo)=(1) is not present in table &quot;motivos_ack&quot;. in /home/aseopad/public_html/lib/db/postgres7.php on line 200
[28-Feb-2018 20:48:31 UTC] No se puede ejecutar la consulta:

		UPDATE alertas SET
			ack_id_motivo='1',
			ack_id_persona='0',
			ack_hora='2018-02-28 20:48:31'
		WHERE  hora &lt; '2018-02-28 19:48:31' and ack_id_motivo is null
	
Error PostgreSQL :: ERROR:  insert or update on table "alertas" violates foreign key constraint "ref_ack_id_motivo"
DETAIL:  Key (ack_id_motivo)=(1) is not present in table "motivos_ack".
[28-Feb-2018 20:49:01 UTC] PHP Warning:  pg_exec(): Query failed: ERROR:  insert or update on table &quot;alertas&quot; violates foreign key constraint &quot;ref_ack_id_motivo&quot;
DETAIL:  Key (ack_id_motivo)=(1) is not present in table &quot;motivos_ack&quot;. in /home/aseopad/public_html/lib/db/postgres7.php on line 200
[28-Feb-2018 20:49:01 UTC] No se puede ejecutar la consulta:

		UPDATE alertas SET
			ack_id_motivo='1',
			ack_id_persona='0',
			ack_hora='2018-02-28 20:49:01'
		WHERE  hora &lt; '2018-02-28 19:49:01' and ack_id_motivo is null
	
Error PostgreSQL :: ERROR:  insert or update on table "alertas" violates foreign key constraint "ref_ack_id_motivo"
DETAIL:  Key (ack_id_motivo)=(1) is not present in table "motivos_ack".
[28-Feb-2018 20:53:31 UTC] PHP Warning:  pg_exec(): Query failed: ERROR:  insert or update on table &quot;alertas&quot; violates foreign key constraint &quot;ref_ack_id_motivo&quot;
DETAIL:  Key (ack_id_motivo)=(1) is not present in table &quot;motivos_ack&quot;. in /home/aseopad/public_html/lib/db/postgres7.php on line 200
[28-Feb-2018 20:53:31 UTC] No se puede ejecutar la consulta:

		UPDATE alertas SET
			ack_id_motivo='1',
			ack_id_persona='0',
			ack_hora='2018-02-28 20:53:31'
		WHERE  hora &lt; '2018-02-28 19:53:31' and ack_id_motivo is null
	
Error PostgreSQL :: ERROR:  insert or update on table "alertas" violates foreign key constraint "ref_ack_id_motivo"
DETAIL:  Key (ack_id_motivo)=(1) is not present in table "motivos_ack".
[28-Feb-2018 20:54:02 UTC] PHP Warning:  pg_exec(): Query failed: ERROR:  insert or update on table &quot;alertas&quot; violates foreign key constraint &quot;ref_ack_id_motivo&quot;
DETAIL:  Key (ack_id_motivo)=(1) is not present in table &quot;motivos_ack&quot;. in /home/aseopad/public_html/lib/db/postgres7.php on line 200
[28-Feb-2018 20:54:02 UTC] No se puede ejecutar la consulta:

		UPDATE alertas SET
			ack_id_motivo='1',
			ack_id_persona='0',
			ack_hora='2018-02-28 20:54:02'
		WHERE  hora &lt; '2018-02-28 19:54:02' and ack_id_motivo is null
	
Error PostgreSQL :: ERROR:  insert or update on table "alertas" violates foreign key constraint "ref_ack_id_motivo"
DETAIL:  Key (ack_id_motivo)=(1) is not present in table "motivos_ack".
[28-Feb-2018 20:58:31 UTC] PHP Warning:  pg_exec(): Query failed: ERROR:  insert or update on table &quot;alertas&quot; violates foreign key constraint &quot;ref_ack_id_motivo&quot;
DETAIL:  Key (ack_id_motivo)=(1) is not present in table &quot;motivos_ack&quot;. in /home/aseopad/public_html/lib/db/postgres7.php on line 200
[28-Feb-2018 20:58:31 UTC] No se puede ejecutar la consulta:

		UPDATE alertas SET
			ack_id_motivo='1',
			ack_id_persona='0',
			ack_hora='2018-02-28 20:58:31'
		WHERE  hora &lt; '2018-02-28 19:58:31' and ack_id_motivo is null
	
Error PostgreSQL :: ERROR:  insert or update on table "alertas" violates foreign key constraint "ref_ack_id_motivo"
DETAIL:  Key (ack_id_motivo)=(1) is not present in table "motivos_ack".
[28-Feb-2018 20:59:02 UTC] PHP Warning:  pg_exec(): Query failed: ERROR:  insert or update on table &quot;alertas&quot; violates foreign key constraint &quot;ref_ack_id_motivo&quot;
DETAIL:  Key (ack_id_motivo)=(1) is not present in table &quot;motivos_ack&quot;. in /home/aseopad/public_html/lib/db/postgres7.php on line 200
[28-Feb-2018 20:59:02 UTC] No se puede ejecutar la consulta:

		UPDATE alertas SET
			ack_id_motivo='1',
			ack_id_persona='0',
			ack_hora='2018-02-28 20:59:02'
		WHERE  hora &lt; '2018-02-28 19:59:02' and ack_id_motivo is null
	
Error PostgreSQL :: ERROR:  insert or update on table "alertas" violates foreign key constraint "ref_ack_id_motivo"
DETAIL:  Key (ack_id_motivo)=(1) is not present in table "motivos_ack".
[28-Feb-2018 21:03:32 UTC] PHP Warning:  pg_exec(): Query failed: ERROR:  insert or update on table &quot;alertas&quot; violates foreign key constraint &quot;ref_ack_id_motivo&quot;
DETAIL:  Key (ack_id_motivo)=(1) is not present in table &quot;motivos_ack&quot;. in /home/aseopad/public_html/lib/db/postgres7.php on line 200
[28-Feb-2018 21:03:32 UTC] No se puede ejecutar la consulta:

		UPDATE alertas SET
			ack_id_motivo='1',
			ack_id_persona='0',
			ack_hora='2018-02-28 21:03:32'
		WHERE  hora &lt; '2018-02-28 20:03:32' and ack_id_motivo is null
	
Error PostgreSQL :: ERROR:  insert or update on table "alertas" violates foreign key constraint "ref_ack_id_motivo"
DETAIL:  Key (ack_id_motivo)=(1) is not present in table "motivos_ack".
[28-Feb-2018 21:04:02 UTC] PHP Warning:  pg_exec(): Query failed: ERROR:  insert or update on table &quot;alertas&quot; violates foreign key constraint &quot;ref_ack_id_motivo&quot;
DETAIL:  Key (ack_id_motivo)=(1) is not present in table &quot;motivos_ack&quot;. in /home/aseopad/public_html/lib/db/postgres7.php on line 200
[28-Feb-2018 21:04:02 UTC] No se puede ejecutar la consulta:

		UPDATE alertas SET
			ack_id_motivo='1',
			ack_id_persona='0',
			ack_hora='2018-02-28 21:04:02'
		WHERE  hora &lt; '2018-02-28 20:04:02' and ack_id_motivo is null
	
Error PostgreSQL :: ERROR:  insert or update on table "alertas" violates foreign key constraint "ref_ack_id_motivo"
DETAIL:  Key (ack_id_motivo)=(1) is not present in table "motivos_ack".
[28-Feb-2018 21:04:20 UTC] PHP Warning:  pg_exec(): Query failed: ERROR:  insert or update on table &quot;alertas&quot; violates foreign key constraint &quot;ref_ack_id_motivo&quot;
DETAIL:  Key (ack_id_motivo)=(1) is not present in table &quot;motivos_ack&quot;. in /home/aseopad/public_html/lib/db/postgres7.php on line 200
[28-Feb-2018 21:04:20 UTC] No se puede ejecutar la consulta:

		UPDATE alertas SET
			ack_id_motivo='1',
			ack_id_persona='0',
			ack_hora='2018-02-28 21:04:20'
		WHERE  hora &lt; '2018-02-28 20:04:20' and ack_id_motivo is null
	
Error PostgreSQL :: ERROR:  insert or update on table "alertas" violates foreign key constraint "ref_ack_id_motivo"
DETAIL:  Key (ack_id_motivo)=(1) is not present in table "motivos_ack".
[28-Feb-2018 21:09:03 UTC] PHP Warning:  pg_exec(): Query failed: ERROR:  insert or update on table &quot;alertas&quot; violates foreign key constraint &quot;ref_ack_id_motivo&quot;
DETAIL:  Key (ack_id_motivo)=(1) is not present in table &quot;motivos_ack&quot;. in /home/aseopad/public_html/lib/db/postgres7.php on line 200
[28-Feb-2018 21:09:03 UTC] No se puede ejecutar la consulta:

		UPDATE alertas SET
			ack_id_motivo='1',
			ack_id_persona='0',
			ack_hora='2018-02-28 21:09:03'
		WHERE  hora &lt; '2018-02-28 20:09:03' and ack_id_motivo is null
	
Error PostgreSQL :: ERROR:  insert or update on table "alertas" violates foreign key constraint "ref_ack_id_motivo"
DETAIL:  Key (ack_id_motivo)=(1) is not present in table "motivos_ack".
[28-Feb-2018 21:14:03 UTC] PHP Warning:  pg_exec(): Query failed: ERROR:  insert or update on table &quot;alertas&quot; violates foreign key constraint &quot;ref_ack_id_motivo&quot;
DETAIL:  Key (ack_id_motivo)=(1) is not present in table &quot;motivos_ack&quot;. in /home/aseopad/public_html/lib/db/postgres7.php on line 200
[28-Feb-2018 21:14:03 UTC] No se puede ejecutar la consulta:

		UPDATE alertas SET
			ack_id_motivo='1',
			ack_id_persona='0',
			ack_hora='2018-02-28 21:14:03'
		WHERE  hora &lt; '2018-02-28 20:14:03' and ack_id_motivo is null
	
Error PostgreSQL :: ERROR:  insert or update on table "alertas" violates foreign key constraint "ref_ack_id_motivo"
DETAIL:  Key (ack_id_motivo)=(1) is not present in table "motivos_ack".
[28-Feb-2018 21:19:03 UTC] PHP Warning:  pg_exec(): Query failed: ERROR:  insert or update on table &quot;alertas&quot; violates foreign key constraint &quot;ref_ack_id_motivo&quot;
DETAIL:  Key (ack_id_motivo)=(1) is not present in table &quot;motivos_ack&quot;. in /home/aseopad/public_html/lib/db/postgres7.php on line 200
[28-Feb-2018 21:19:03 UTC] No se puede ejecutar la consulta:

		UPDATE alertas SET
			ack_id_motivo='1',
			ack_id_persona='0',
			ack_hora='2018-02-28 21:19:03'
		WHERE  hora &lt; '2018-02-28 20:19:03' and ack_id_motivo is null
	
Error PostgreSQL :: ERROR:  insert or update on table "alertas" violates foreign key constraint "ref_ack_id_motivo"
DETAIL:  Key (ack_id_motivo)=(1) is not present in table "motivos_ack".
[28-Feb-2018 21:24:03 UTC] PHP Warning:  pg_exec(): Query failed: ERROR:  insert or update on table &quot;alertas&quot; violates foreign key constraint &quot;ref_ack_id_motivo&quot;
DETAIL:  Key (ack_id_motivo)=(1) is not present in table &quot;motivos_ack&quot;. in /home/aseopad/public_html/lib/db/postgres7.php on line 200
[28-Feb-2018 21:24:03 UTC] No se puede ejecutar la consulta:

		UPDATE alertas SET
			ack_id_motivo='1',
			ack_id_persona='0',
			ack_hora='2018-02-28 21:24:03'
		WHERE  hora &lt; '2018-02-28 20:24:03' and ack_id_motivo is null
	
Error PostgreSQL :: ERROR:  insert or update on table "alertas" violates foreign key constraint "ref_ack_id_motivo"
DETAIL:  Key (ack_id_motivo)=(1) is not present in table "motivos_ack".
[28-Feb-2018 21:29:04 UTC] PHP Warning:  pg_exec(): Query failed: ERROR:  insert or update on table &quot;alertas&quot; violates foreign key constraint &quot;ref_ack_id_motivo&quot;
DETAIL:  Key (ack_id_motivo)=(1) is not present in table &quot;motivos_ack&quot;. in /home/aseopad/public_html/lib/db/postgres7.php on line 200
[28-Feb-2018 21:29:04 UTC] No se puede ejecutar la consulta:

		UPDATE alertas SET
			ack_id_motivo='1',
			ack_id_persona='0',
			ack_hora='2018-02-28 21:29:04'
		WHERE  hora &lt; '2018-02-28 20:29:04' and ack_id_motivo is null
	
Error PostgreSQL :: ERROR:  insert or update on table "alertas" violates foreign key constraint "ref_ack_id_motivo"
DETAIL:  Key (ack_id_motivo)=(1) is not present in table "motivos_ack".
[28-Feb-2018 21:34:04 UTC] PHP Warning:  pg_exec(): Query failed: ERROR:  insert or update on table &quot;alertas&quot; violates foreign key constraint &quot;ref_ack_id_motivo&quot;
DETAIL:  Key (ack_id_motivo)=(1) is not present in table &quot;motivos_ack&quot;. in /home/aseopad/public_html/lib/db/postgres7.php on line 200
[28-Feb-2018 21:34:04 UTC] No se puede ejecutar la consulta:

		UPDATE alertas SET
			ack_id_motivo='1',
			ack_id_persona='0',
			ack_hora='2018-02-28 21:34:04'
		WHERE  hora &lt; '2018-02-28 20:34:04' and ack_id_motivo is null
	
Error PostgreSQL :: ERROR:  insert or update on table "alertas" violates foreign key constraint "ref_ack_id_motivo"
DETAIL:  Key (ack_id_motivo)=(1) is not present in table "motivos_ack".
[28-Feb-2018 21:39:04 UTC] PHP Warning:  pg_exec(): Query failed: ERROR:  insert or update on table &quot;alertas&quot; violates foreign key constraint &quot;ref_ack_id_motivo&quot;
DETAIL:  Key (ack_id_motivo)=(1) is not present in table &quot;motivos_ack&quot;. in /home/aseopad/public_html/lib/db/postgres7.php on line 200
[28-Feb-2018 21:39:04 UTC] No se puede ejecutar la consulta:

		UPDATE alertas SET
			ack_id_motivo='1',
			ack_id_persona='0',
			ack_hora='2018-02-28 21:39:04'
		WHERE  hora &lt; '2018-02-28 20:39:04' and ack_id_motivo is null
	
Error PostgreSQL :: ERROR:  insert or update on table "alertas" violates foreign key constraint "ref_ack_id_motivo"
DETAIL:  Key (ack_id_motivo)=(1) is not present in table "motivos_ack".
[28-Feb-2018 21:41:18 UTC] PHP Warning:  pg_exec(): Query failed: ERROR:  insert or update on table &quot;alertas&quot; violates foreign key constraint &quot;ref_ack_id_motivo&quot;
DETAIL:  Key (ack_id_motivo)=(1) is not present in table &quot;motivos_ack&quot;. in /home/aseopad/public_html/lib/db/postgres7.php on line 200
[28-Feb-2018 21:41:18 UTC] No se puede ejecutar la consulta:

		UPDATE alertas SET
			ack_id_motivo='1',
			ack_id_persona='0',
			ack_hora='2018-02-28 21:41:18'
		WHERE  hora &lt; '2018-02-28 20:41:18' and ack_id_motivo is null
	
Error PostgreSQL :: ERROR:  insert or update on table "alertas" violates foreign key constraint "ref_ack_id_motivo"
DETAIL:  Key (ack_id_motivo)=(1) is not present in table "motivos_ack".
[28-Feb-2018 21:44:04 UTC] PHP Warning:  pg_exec(): Query failed: ERROR:  insert or update on table &quot;alertas&quot; violates foreign key constraint &quot;ref_ack_id_motivo&quot;
DETAIL:  Key (ack_id_motivo)=(1) is not present in table &quot;motivos_ack&quot;. in /home/aseopad/public_html/lib/db/postgres7.php on line 200
[28-Feb-2018 21:44:04 UTC] No se puede ejecutar la consulta:

		UPDATE alertas SET
			ack_id_motivo='1',
			ack_id_persona='0',
			ack_hora='2018-02-28 21:44:04'
		WHERE  hora &lt; '2018-02-28 20:44:04' and ack_id_motivo is null
	
Error PostgreSQL :: ERROR:  insert or update on table "alertas" violates foreign key constraint "ref_ack_id_motivo"
DETAIL:  Key (ack_id_motivo)=(1) is not present in table "motivos_ack".
[28-Feb-2018 21:46:19 UTC] PHP Warning:  pg_exec(): Query failed: ERROR:  insert or update on table &quot;alertas&quot; violates foreign key constraint &quot;ref_ack_id_motivo&quot;
DETAIL:  Key (ack_id_motivo)=(1) is not present in table &quot;motivos_ack&quot;. in /home/aseopad/public_html/lib/db/postgres7.php on line 200
[28-Feb-2018 21:46:19 UTC] No se puede ejecutar la consulta:

		UPDATE alertas SET
			ack_id_motivo='1',
			ack_id_persona='0',
			ack_hora='2018-02-28 21:46:19'
		WHERE  hora &lt; '2018-02-28 20:46:19' and ack_id_motivo is null
	
Error PostgreSQL :: ERROR:  insert or update on table "alertas" violates foreign key constraint "ref_ack_id_motivo"
DETAIL:  Key (ack_id_motivo)=(1) is not present in table "motivos_ack".
[28-Feb-2018 21:49:05 UTC] PHP Warning:  pg_exec(): Query failed: ERROR:  insert or update on table &quot;alertas&quot; violates foreign key constraint &quot;ref_ack_id_motivo&quot;
DETAIL:  Key (ack_id_motivo)=(1) is not present in table &quot;motivos_ack&quot;. in /home/aseopad/public_html/lib/db/postgres7.php on line 200
[28-Feb-2018 21:49:05 UTC] No se puede ejecutar la consulta:

		UPDATE alertas SET
			ack_id_motivo='1',
			ack_id_persona='0',
			ack_hora='2018-02-28 21:49:05'
		WHERE  hora &lt; '2018-02-28 20:49:05' and ack_id_motivo is null
	
Error PostgreSQL :: ERROR:  insert or update on table "alertas" violates foreign key constraint "ref_ack_id_motivo"
DETAIL:  Key (ack_id_motivo)=(1) is not present in table "motivos_ack".
[28-Feb-2018 21:51:20 UTC] PHP Warning:  pg_exec(): Query failed: ERROR:  insert or update on table &quot;alertas&quot; violates foreign key constraint &quot;ref_ack_id_motivo&quot;
DETAIL:  Key (ack_id_motivo)=(1) is not present in table &quot;motivos_ack&quot;. in /home/aseopad/public_html/lib/db/postgres7.php on line 200
[28-Feb-2018 21:51:20 UTC] No se puede ejecutar la consulta:

		UPDATE alertas SET
			ack_id_motivo='1',
			ack_id_persona='0',
			ack_hora='2018-02-28 21:51:20'
		WHERE  hora &lt; '2018-02-28 20:51:20' and ack_id_motivo is null
	
Error PostgreSQL :: ERROR:  insert or update on table "alertas" violates foreign key constraint "ref_ack_id_motivo"
DETAIL:  Key (ack_id_motivo)=(1) is not present in table "motivos_ack".
[28-Feb-2018 21:54:04 UTC] PHP Warning:  pg_exec(): Query failed: ERROR:  insert or update on table &quot;alertas&quot; violates foreign key constraint &quot;ref_ack_id_motivo&quot;
DETAIL:  Key (ack_id_motivo)=(1) is not present in table &quot;motivos_ack&quot;. in /home/aseopad/public_html/lib/db/postgres7.php on line 200
[28-Feb-2018 21:54:04 UTC] No se puede ejecutar la consulta:

		UPDATE alertas SET
			ack_id_motivo='1',
			ack_id_persona='0',
			ack_hora='2018-02-28 21:54:04'
		WHERE  hora &lt; '2018-02-28 20:54:04' and ack_id_motivo is null
	
Error PostgreSQL :: ERROR:  insert or update on table "alertas" violates foreign key constraint "ref_ack_id_motivo"
DETAIL:  Key (ack_id_motivo)=(1) is not present in table "motivos_ack".
[28-Feb-2018 21:54:05 UTC] PHP Warning:  pg_exec(): Query failed: ERROR:  insert or update on table &quot;alertas&quot; violates foreign key constraint &quot;ref_ack_id_motivo&quot;
DETAIL:  Key (ack_id_motivo)=(1) is not present in table &quot;motivos_ack&quot;. in /home/aseopad/public_html/lib/db/postgres7.php on line 200
[28-Feb-2018 21:54:05 UTC] No se puede ejecutar la consulta:

		UPDATE alertas SET
			ack_id_motivo='1',
			ack_id_persona='0',
			ack_hora='2018-02-28 21:54:05'
		WHERE  hora &lt; '2018-02-28 20:54:05' and ack_id_motivo is null
	
Error PostgreSQL :: ERROR:  insert or update on table "alertas" violates foreign key constraint "ref_ack_id_motivo"
DETAIL:  Key (ack_id_motivo)=(1) is not present in table "motivos_ack".
[28-Feb-2018 21:59:05 UTC] PHP Warning:  pg_exec(): Query failed: ERROR:  insert or update on table &quot;alertas&quot; violates foreign key constraint &quot;ref_ack_id_motivo&quot;
DETAIL:  Key (ack_id_motivo)=(1) is not present in table &quot;motivos_ack&quot;. in /home/aseopad/public_html/lib/db/postgres7.php on line 200
[28-Feb-2018 21:59:05 UTC] No se puede ejecutar la consulta:

		UPDATE alertas SET
			ack_id_motivo='1',
			ack_id_persona='0',
			ack_hora='2018-02-28 21:59:05'
		WHERE  hora &lt; '2018-02-28 20:59:05' and ack_id_motivo is null
	
Error PostgreSQL :: ERROR:  insert or update on table "alertas" violates foreign key constraint "ref_ack_id_motivo"
DETAIL:  Key (ack_id_motivo)=(1) is not present in table "motivos_ack".
[28-Feb-2018 21:59:05 UTC] PHP Warning:  pg_exec(): Query failed: ERROR:  insert or update on table &quot;alertas&quot; violates foreign key constraint &quot;ref_ack_id_motivo&quot;
DETAIL:  Key (ack_id_motivo)=(1) is not present in table &quot;motivos_ack&quot;. in /home/aseopad/public_html/lib/db/postgres7.php on line 200
[28-Feb-2018 21:59:05 UTC] No se puede ejecutar la consulta:

		UPDATE alertas SET
			ack_id_motivo='1',
			ack_id_persona='0',
			ack_hora='2018-02-28 21:59:05'
		WHERE  hora &lt; '2018-02-28 20:59:05' and ack_id_motivo is null
	
Error PostgreSQL :: ERROR:  insert or update on table "alertas" violates foreign key constraint "ref_ack_id_motivo"
DETAIL:  Key (ack_id_motivo)=(1) is not present in table "motivos_ack".
[28-Feb-2018 22:04:06 UTC] PHP Warning:  pg_exec(): Query failed: ERROR:  insert or update on table &quot;alertas&quot; violates foreign key constraint &quot;ref_ack_id_motivo&quot;
DETAIL:  Key (ack_id_motivo)=(1) is not present in table &quot;motivos_ack&quot;. in /home/aseopad/public_html/lib/db/postgres7.php on line 200
[28-Feb-2018 22:04:06 UTC] No se puede ejecutar la consulta:

		UPDATE alertas SET
			ack_id_motivo='1',
			ack_id_persona='0',
			ack_hora='2018-02-28 22:04:06'
		WHERE  hora &lt; '2018-02-28 21:04:06' and ack_id_motivo is null
	
Error PostgreSQL :: ERROR:  insert or update on table "alertas" violates foreign key constraint "ref_ack_id_motivo"
DETAIL:  Key (ack_id_motivo)=(1) is not present in table "motivos_ack".
[28-Feb-2018 22:07:54 UTC] PHP Warning:  pg_exec(): Query failed: ERROR:  insert or update on table &quot;alertas&quot; violates foreign key constraint &quot;ref_ack_id_motivo&quot;
DETAIL:  Key (ack_id_motivo)=(1) is not present in table &quot;motivos_ack&quot;. in /home/aseopad/public_html/lib/db/postgres7.php on line 200
[28-Feb-2018 22:07:54 UTC] No se puede ejecutar la consulta:

		UPDATE alertas SET
			ack_id_motivo='1',
			ack_id_persona='0',
			ack_hora='2018-02-28 22:07:54'
		WHERE  hora &lt; '2018-02-28 21:07:54' and ack_id_motivo is null
	
Error PostgreSQL :: ERROR:  insert or update on table "alertas" violates foreign key constraint "ref_ack_id_motivo"
DETAIL:  Key (ack_id_motivo)=(1) is not present in table "motivos_ack".
[28-Feb-2018 22:09:06 UTC] PHP Warning:  pg_exec(): Query failed: ERROR:  insert or update on table &quot;alertas&quot; violates foreign key constraint &quot;ref_ack_id_motivo&quot;
DETAIL:  Key (ack_id_motivo)=(1) is not present in table &quot;motivos_ack&quot;. in /home/aseopad/public_html/lib/db/postgres7.php on line 200
[28-Feb-2018 22:09:06 UTC] No se puede ejecutar la consulta:

		UPDATE alertas SET
			ack_id_motivo='1',
			ack_id_persona='0',
			ack_hora='2018-02-28 22:09:06'
		WHERE  hora &lt; '2018-02-28 21:09:06' and ack_id_motivo is null
	
Error PostgreSQL :: ERROR:  insert or update on table "alertas" violates foreign key constraint "ref_ack_id_motivo"
DETAIL:  Key (ack_id_motivo)=(1) is not present in table "motivos_ack".
[28-Feb-2018 22:12:55 UTC] PHP Warning:  pg_exec(): Query failed: ERROR:  insert or update on table &quot;alertas&quot; violates foreign key constraint &quot;ref_ack_id_motivo&quot;
DETAIL:  Key (ack_id_motivo)=(1) is not present in table &quot;motivos_ack&quot;. in /home/aseopad/public_html/lib/db/postgres7.php on line 200
[28-Feb-2018 22:12:55 UTC] No se puede ejecutar la consulta:

		UPDATE alertas SET
			ack_id_motivo='1',
			ack_id_persona='0',
			ack_hora='2018-02-28 22:12:55'
		WHERE  hora &lt; '2018-02-28 21:12:55' and ack_id_motivo is null
	
Error PostgreSQL :: ERROR:  insert or update on table "alertas" violates foreign key constraint "ref_ack_id_motivo"
DETAIL:  Key (ack_id_motivo)=(1) is not present in table "motivos_ack".
[28-Feb-2018 22:14:06 UTC] PHP Warning:  pg_exec(): Query failed: ERROR:  insert or update on table &quot;alertas&quot; violates foreign key constraint &quot;ref_ack_id_motivo&quot;
DETAIL:  Key (ack_id_motivo)=(1) is not present in table &quot;motivos_ack&quot;. in /home/aseopad/public_html/lib/db/postgres7.php on line 200
[28-Feb-2018 22:14:06 UTC] No se puede ejecutar la consulta:

		UPDATE alertas SET
			ack_id_motivo='1',
			ack_id_persona='0',
			ack_hora='2018-02-28 22:14:06'
		WHERE  hora &lt; '2018-02-28 21:14:06' and ack_id_motivo is null
	
Error PostgreSQL :: ERROR:  insert or update on table "alertas" violates foreign key constraint "ref_ack_id_motivo"
DETAIL:  Key (ack_id_motivo)=(1) is not present in table "motivos_ack".
[28-Feb-2018 22:17:56 UTC] PHP Warning:  pg_exec(): Query failed: ERROR:  insert or update on table &quot;alertas&quot; violates foreign key constraint &quot;ref_ack_id_motivo&quot;
DETAIL:  Key (ack_id_motivo)=(1) is not present in table &quot;motivos_ack&quot;. in /home/aseopad/public_html/lib/db/postgres7.php on line 200
[28-Feb-2018 22:17:56 UTC] No se puede ejecutar la consulta:

		UPDATE alertas SET
			ack_id_motivo='1',
			ack_id_persona='0',
			ack_hora='2018-02-28 22:17:56'
		WHERE  hora &lt; '2018-02-28 21:17:56' and ack_id_motivo is null
	
Error PostgreSQL :: ERROR:  insert or update on table "alertas" violates foreign key constraint "ref_ack_id_motivo"
DETAIL:  Key (ack_id_motivo)=(1) is not present in table "motivos_ack".
[28-Feb-2018 22:19:07 UTC] PHP Warning:  pg_exec(): Query failed: ERROR:  insert or update on table &quot;alertas&quot; violates foreign key constraint &quot;ref_ack_id_motivo&quot;
DETAIL:  Key (ack_id_motivo)=(1) is not present in table &quot;motivos_ack&quot;. in /home/aseopad/public_html/lib/db/postgres7.php on line 200
[28-Feb-2018 22:19:07 UTC] No se puede ejecutar la consulta:

		UPDATE alertas SET
			ack_id_motivo='1',
			ack_id_persona='0',
			ack_hora='2018-02-28 22:19:07'
		WHERE  hora &lt; '2018-02-28 21:19:07' and ack_id_motivo is null
	
Error PostgreSQL :: ERROR:  insert or update on table "alertas" violates foreign key constraint "ref_ack_id_motivo"
DETAIL:  Key (ack_id_motivo)=(1) is not present in table "motivos_ack".
[28-Feb-2018 22:22:57 UTC] PHP Warning:  pg_exec(): Query failed: ERROR:  insert or update on table &quot;alertas&quot; violates foreign key constraint &quot;ref_ack_id_motivo&quot;
DETAIL:  Key (ack_id_motivo)=(1) is not present in table &quot;motivos_ack&quot;. in /home/aseopad/public_html/lib/db/postgres7.php on line 200
[28-Feb-2018 22:22:57 UTC] No se puede ejecutar la consulta:

		UPDATE alertas SET
			ack_id_motivo='1',
			ack_id_persona='0',
			ack_hora='2018-02-28 22:22:57'
		WHERE  hora &lt; '2018-02-28 21:22:57' and ack_id_motivo is null
	
Error PostgreSQL :: ERROR:  insert or update on table "alertas" violates foreign key constraint "ref_ack_id_motivo"
DETAIL:  Key (ack_id_motivo)=(1) is not present in table "motivos_ack".
[28-Feb-2018 22:24:07 UTC] PHP Warning:  pg_exec(): Query failed: ERROR:  insert or update on table &quot;alertas&quot; violates foreign key constraint &quot;ref_ack_id_motivo&quot;
DETAIL:  Key (ack_id_motivo)=(1) is not present in table &quot;motivos_ack&quot;. in /home/aseopad/public_html/lib/db/postgres7.php on line 200
[28-Feb-2018 22:24:07 UTC] No se puede ejecutar la consulta:

		UPDATE alertas SET
			ack_id_motivo='1',
			ack_id_persona='0',
			ack_hora='2018-02-28 22:24:07'
		WHERE  hora &lt; '2018-02-28 21:24:07' and ack_id_motivo is null
	
Error PostgreSQL :: ERROR:  insert or update on table "alertas" violates foreign key constraint "ref_ack_id_motivo"
DETAIL:  Key (ack_id_motivo)=(1) is not present in table "motivos_ack".
[28-Feb-2018 22:27:58 UTC] PHP Warning:  pg_exec(): Query failed: ERROR:  insert or update on table &quot;alertas&quot; violates foreign key constraint &quot;ref_ack_id_motivo&quot;
DETAIL:  Key (ack_id_motivo)=(1) is not present in table &quot;motivos_ack&quot;. in /home/aseopad/public_html/lib/db/postgres7.php on line 200
[28-Feb-2018 22:27:58 UTC] No se puede ejecutar la consulta:

		UPDATE alertas SET
			ack_id_motivo='1',
			ack_id_persona='0',
			ack_hora='2018-02-28 22:27:58'
		WHERE  hora &lt; '2018-02-28 21:27:58' and ack_id_motivo is null
	
Error PostgreSQL :: ERROR:  insert or update on table "alertas" violates foreign key constraint "ref_ack_id_motivo"
DETAIL:  Key (ack_id_motivo)=(1) is not present in table "motivos_ack".
[28-Feb-2018 22:29:07 UTC] PHP Warning:  pg_exec(): Query failed: ERROR:  insert or update on table &quot;alertas&quot; violates foreign key constraint &quot;ref_ack_id_motivo&quot;
DETAIL:  Key (ack_id_motivo)=(1) is not present in table &quot;motivos_ack&quot;. in /home/aseopad/public_html/lib/db/postgres7.php on line 200
[28-Feb-2018 22:29:07 UTC] No se puede ejecutar la consulta:

		UPDATE alertas SET
			ack_id_motivo='1',
			ack_id_persona='0',
			ack_hora='2018-02-28 22:29:07'
		WHERE  hora &lt; '2018-02-28 21:29:07' and ack_id_motivo is null
	
Error PostgreSQL :: ERROR:  insert or update on table "alertas" violates foreign key constraint "ref_ack_id_motivo"
DETAIL:  Key (ack_id_motivo)=(1) is not present in table "motivos_ack".
[28-Feb-2018 22:32:59 UTC] PHP Warning:  pg_exec(): Query failed: ERROR:  insert or update on table &quot;alertas&quot; violates foreign key constraint &quot;ref_ack_id_motivo&quot;
DETAIL:  Key (ack_id_motivo)=(1) is not present in table &quot;motivos_ack&quot;. in /home/aseopad/public_html/lib/db/postgres7.php on line 200
[28-Feb-2018 22:32:59 UTC] No se puede ejecutar la consulta:

		UPDATE alertas SET
			ack_id_motivo='1',
			ack_id_persona='0',
			ack_hora='2018-02-28 22:32:59'
		WHERE  hora &lt; '2018-02-28 21:32:59' and ack_id_motivo is null
	
Error PostgreSQL :: ERROR:  insert or update on table "alertas" violates foreign key constraint "ref_ack_id_motivo"
DETAIL:  Key (ack_id_motivo)=(1) is not present in table "motivos_ack".
[28-Feb-2018 22:34:07 UTC] PHP Warning:  pg_exec(): Query failed: ERROR:  insert or update on table &quot;alertas&quot; violates foreign key constraint &quot;ref_ack_id_motivo&quot;
DETAIL:  Key (ack_id_motivo)=(1) is not present in table &quot;motivos_ack&quot;. in /home/aseopad/public_html/lib/db/postgres7.php on line 200
[28-Feb-2018 22:34:07 UTC] No se puede ejecutar la consulta:

		UPDATE alertas SET
			ack_id_motivo='1',
			ack_id_persona='0',
			ack_hora='2018-02-28 22:34:07'
		WHERE  hora &lt; '2018-02-28 21:34:07' and ack_id_motivo is null
	
Error PostgreSQL :: ERROR:  insert or update on table "alertas" violates foreign key constraint "ref_ack_id_motivo"
DETAIL:  Key (ack_id_motivo)=(1) is not present in table "motivos_ack".
[28-Feb-2018 22:38:00 UTC] PHP Warning:  pg_exec(): Query failed: ERROR:  insert or update on table &quot;alertas&quot; violates foreign key constraint &quot;ref_ack_id_motivo&quot;
DETAIL:  Key (ack_id_motivo)=(1) is not present in table &quot;motivos_ack&quot;. in /home/aseopad/public_html/lib/db/postgres7.php on line 200
[28-Feb-2018 22:38:00 UTC] No se puede ejecutar la consulta:

		UPDATE alertas SET
			ack_id_motivo='1',
			ack_id_persona='0',
			ack_hora='2018-02-28 22:38:00'
		WHERE  hora &lt; '2018-02-28 21:38:00' and ack_id_motivo is null
	
Error PostgreSQL :: ERROR:  insert or update on table "alertas" violates foreign key constraint "ref_ack_id_motivo"
DETAIL:  Key (ack_id_motivo)=(1) is not present in table "motivos_ack".
[28-Feb-2018 22:39:08 UTC] PHP Warning:  pg_exec(): Query failed: ERROR:  insert or update on table &quot;alertas&quot; violates foreign key constraint &quot;ref_ack_id_motivo&quot;
DETAIL:  Key (ack_id_motivo)=(1) is not present in table &quot;motivos_ack&quot;. in /home/aseopad/public_html/lib/db/postgres7.php on line 200
[28-Feb-2018 22:39:08 UTC] No se puede ejecutar la consulta:

		UPDATE alertas SET
			ack_id_motivo='1',
			ack_id_persona='0',
			ack_hora='2018-02-28 22:39:08'
		WHERE  hora &lt; '2018-02-28 21:39:08' and ack_id_motivo is null
	
Error PostgreSQL :: ERROR:  insert or update on table "alertas" violates foreign key constraint "ref_ack_id_motivo"
DETAIL:  Key (ack_id_motivo)=(1) is not present in table "motivos_ack".
[28-Feb-2018 22:43:01 UTC] PHP Warning:  pg_exec(): Query failed: ERROR:  insert or update on table &quot;alertas&quot; violates foreign key constraint &quot;ref_ack_id_motivo&quot;
DETAIL:  Key (ack_id_motivo)=(1) is not present in table &quot;motivos_ack&quot;. in /home/aseopad/public_html/lib/db/postgres7.php on line 200
[28-Feb-2018 22:43:01 UTC] No se puede ejecutar la consulta:

		UPDATE alertas SET
			ack_id_motivo='1',
			ack_id_persona='0',
			ack_hora='2018-02-28 22:43:01'
		WHERE  hora &lt; '2018-02-28 21:43:01' and ack_id_motivo is null
	
Error PostgreSQL :: ERROR:  insert or update on table "alertas" violates foreign key constraint "ref_ack_id_motivo"
DETAIL:  Key (ack_id_motivo)=(1) is not present in table "motivos_ack".
[28-Feb-2018 22:44:08 UTC] PHP Warning:  pg_exec(): Query failed: ERROR:  insert or update on table &quot;alertas&quot; violates foreign key constraint &quot;ref_ack_id_motivo&quot;
DETAIL:  Key (ack_id_motivo)=(1) is not present in table &quot;motivos_ack&quot;. in /home/aseopad/public_html/lib/db/postgres7.php on line 200
[28-Feb-2018 22:44:08 UTC] No se puede ejecutar la consulta:

		UPDATE alertas SET
			ack_id_motivo='1',
			ack_id_persona='0',
			ack_hora='2018-02-28 22:44:08'
		WHERE  hora &lt; '2018-02-28 21:44:08' and ack_id_motivo is null
	
Error PostgreSQL :: ERROR:  insert or update on table "alertas" violates foreign key constraint "ref_ack_id_motivo"
DETAIL:  Key (ack_id_motivo)=(1) is not present in table "motivos_ack".
[28-Feb-2018 22:48:02 UTC] PHP Warning:  pg_exec(): Query failed: ERROR:  insert or update on table &quot;alertas&quot; violates foreign key constraint &quot;ref_ack_id_motivo&quot;
DETAIL:  Key (ack_id_motivo)=(1) is not present in table &quot;motivos_ack&quot;. in /home/aseopad/public_html/lib/db/postgres7.php on line 200
[28-Feb-2018 22:48:02 UTC] No se puede ejecutar la consulta:

		UPDATE alertas SET
			ack_id_motivo='1',
			ack_id_persona='0',
			ack_hora='2018-02-28 22:48:02'
		WHERE  hora &lt; '2018-02-28 21:48:02' and ack_id_motivo is null
	
Error PostgreSQL :: ERROR:  insert or update on table "alertas" violates foreign key constraint "ref_ack_id_motivo"
DETAIL:  Key (ack_id_motivo)=(1) is not present in table "motivos_ack".
[28-Feb-2018 22:49:08 UTC] PHP Warning:  pg_exec(): Query failed: ERROR:  insert or update on table &quot;alertas&quot; violates foreign key constraint &quot;ref_ack_id_motivo&quot;
DETAIL:  Key (ack_id_motivo)=(1) is not present in table &quot;motivos_ack&quot;. in /home/aseopad/public_html/lib/db/postgres7.php on line 200
[28-Feb-2018 22:49:08 UTC] No se puede ejecutar la consulta:

		UPDATE alertas SET
			ack_id_motivo='1',
			ack_id_persona='0',
			ack_hora='2018-02-28 22:49:08'
		WHERE  hora &lt; '2018-02-28 21:49:08' and ack_id_motivo is null
	
Error PostgreSQL :: ERROR:  insert or update on table "alertas" violates foreign key constraint "ref_ack_id_motivo"
DETAIL:  Key (ack_id_motivo)=(1) is not present in table "motivos_ack".
[28-Feb-2018 22:53:03 UTC] PHP Warning:  pg_exec(): Query failed: ERROR:  insert or update on table &quot;alertas&quot; violates foreign key constraint &quot;ref_ack_id_motivo&quot;
DETAIL:  Key (ack_id_motivo)=(1) is not present in table &quot;motivos_ack&quot;. in /home/aseopad/public_html/lib/db/postgres7.php on line 200
[28-Feb-2018 22:53:03 UTC] No se puede ejecutar la consulta:

		UPDATE alertas SET
			ack_id_motivo='1',
			ack_id_persona='0',
			ack_hora='2018-02-28 22:53:03'
		WHERE  hora &lt; '2018-02-28 21:53:03' and ack_id_motivo is null
	
Error PostgreSQL :: ERROR:  insert or update on table "alertas" violates foreign key constraint "ref_ack_id_motivo"
DETAIL:  Key (ack_id_motivo)=(1) is not present in table "motivos_ack".
[28-Feb-2018 22:54:09 UTC] PHP Warning:  pg_exec(): Query failed: ERROR:  insert or update on table &quot;alertas&quot; violates foreign key constraint &quot;ref_ack_id_motivo&quot;
DETAIL:  Key (ack_id_motivo)=(1) is not present in table &quot;motivos_ack&quot;. in /home/aseopad/public_html/lib/db/postgres7.php on line 200
[28-Feb-2018 22:54:09 UTC] No se puede ejecutar la consulta:

		UPDATE alertas SET
			ack_id_motivo='1',
			ack_id_persona='0',
			ack_hora='2018-02-28 22:54:09'
		WHERE  hora &lt; '2018-02-28 21:54:09' and ack_id_motivo is null
	
Error PostgreSQL :: ERROR:  insert or update on table "alertas" violates foreign key constraint "ref_ack_id_motivo"
DETAIL:  Key (ack_id_motivo)=(1) is not present in table "motivos_ack".
[28-Feb-2018 22:58:04 UTC] PHP Warning:  pg_exec(): Query failed: ERROR:  insert or update on table &quot;alertas&quot; violates foreign key constraint &quot;ref_ack_id_motivo&quot;
DETAIL:  Key (ack_id_motivo)=(1) is not present in table &quot;motivos_ack&quot;. in /home/aseopad/public_html/lib/db/postgres7.php on line 200
[28-Feb-2018 22:58:04 UTC] No se puede ejecutar la consulta:

		UPDATE alertas SET
			ack_id_motivo='1',
			ack_id_persona='0',
			ack_hora='2018-02-28 22:58:04'
		WHERE  hora &lt; '2018-02-28 21:58:04' and ack_id_motivo is null
	
Error PostgreSQL :: ERROR:  insert or update on table "alertas" violates foreign key constraint "ref_ack_id_motivo"
DETAIL:  Key (ack_id_motivo)=(1) is not present in table "motivos_ack".
[28-Feb-2018 22:59:09 UTC] PHP Warning:  pg_exec(): Query failed: ERROR:  insert or update on table &quot;alertas&quot; violates foreign key constraint &quot;ref_ack_id_motivo&quot;
DETAIL:  Key (ack_id_motivo)=(1) is not present in table &quot;motivos_ack&quot;. in /home/aseopad/public_html/lib/db/postgres7.php on line 200
[28-Feb-2018 22:59:09 UTC] No se puede ejecutar la consulta:

		UPDATE alertas SET
			ack_id_motivo='1',
			ack_id_persona='0',
			ack_hora='2018-02-28 22:59:09'
		WHERE  hora &lt; '2018-02-28 21:59:09' and ack_id_motivo is null
	
Error PostgreSQL :: ERROR:  insert or update on table "alertas" violates foreign key constraint "ref_ack_id_motivo"
DETAIL:  Key (ack_id_motivo)=(1) is not present in table "motivos_ack".
[28-Feb-2018 23:03:05 UTC] PHP Warning:  pg_exec(): Query failed: ERROR:  insert or update on table &quot;alertas&quot; violates foreign key constraint &quot;ref_ack_id_motivo&quot;
DETAIL:  Key (ack_id_motivo)=(1) is not present in table &quot;motivos_ack&quot;. in /home/aseopad/public_html/lib/db/postgres7.php on line 200
[28-Feb-2018 23:03:05 UTC] No se puede ejecutar la consulta:

		UPDATE alertas SET
			ack_id_motivo='1',
			ack_id_persona='0',
			ack_hora='2018-02-28 23:03:05'
		WHERE  hora &lt; '2018-02-28 22:03:05' and ack_id_motivo is null
	
Error PostgreSQL :: ERROR:  insert or update on table "alertas" violates foreign key constraint "ref_ack_id_motivo"
DETAIL:  Key (ack_id_motivo)=(1) is not present in table "motivos_ack".
[28-Feb-2018 23:04:09 UTC] PHP Warning:  pg_exec(): Query failed: ERROR:  insert or update on table &quot;alertas&quot; violates foreign key constraint &quot;ref_ack_id_motivo&quot;
DETAIL:  Key (ack_id_motivo)=(1) is not present in table &quot;motivos_ack&quot;. in /home/aseopad/public_html/lib/db/postgres7.php on line 200
[28-Feb-2018 23:04:09 UTC] No se puede ejecutar la consulta:

		UPDATE alertas SET
			ack_id_motivo='1',
			ack_id_persona='0',
			ack_hora='2018-02-28 23:04:09'
		WHERE  hora &lt; '2018-02-28 22:04:09' and ack_id_motivo is null
	
Error PostgreSQL :: ERROR:  insert or update on table "alertas" violates foreign key constraint "ref_ack_id_motivo"
DETAIL:  Key (ack_id_motivo)=(1) is not present in table "motivos_ack".
[01-Mar-2018 00:26:39 UTC] PHP Warning:  pg_exec(): Query failed: ERROR:  insert or update on table &quot;alertas&quot; violates foreign key constraint &quot;ref_ack_id_motivo&quot;
DETAIL:  Key (ack_id_motivo)=(1) is not present in table &quot;motivos_ack&quot;. in /home/aseopad/public_html/lib/db/postgres7.php on line 200
[01-Mar-2018 00:26:39 UTC] No se puede ejecutar la consulta:

		UPDATE alertas SET
			ack_id_motivo='1',
			ack_id_persona='0',
			ack_hora='2018-03-01 00:26:39'
		WHERE  hora &lt; '2018-02-28 23:26:39' and ack_id_motivo is null
	
Error PostgreSQL :: ERROR:  insert or update on table "alertas" violates foreign key constraint "ref_ack_id_motivo"
DETAIL:  Key (ack_id_motivo)=(1) is not present in table "motivos_ack".
[01-Mar-2018 12:05:05 UTC] PHP Warning:  pg_exec(): Query failed: ERROR:  insert or update on table &quot;alertas&quot; violates foreign key constraint &quot;ref_ack_id_motivo&quot;
DETAIL:  Key (ack_id_motivo)=(1) is not present in table &quot;motivos_ack&quot;. in /home/aseopad/public_html/lib/db/postgres7.php on line 200
[01-Mar-2018 12:05:05 UTC] No se puede ejecutar la consulta:

		UPDATE alertas SET
			ack_id_motivo='1',
			ack_id_persona='0',
			ack_hora='2018-03-01 12:05:05'
		WHERE  hora &lt; '2018-03-01 11:05:05' and ack_id_motivo is null
	
Error PostgreSQL :: ERROR:  insert or update on table "alertas" violates foreign key constraint "ref_ack_id_motivo"
DETAIL:  Key (ack_id_motivo)=(1) is not present in table "motivos_ack".
[01-Mar-2018 13:31:43 UTC] PHP Warning:  pg_exec(): Query failed: ERROR:  insert or update on table &quot;alertas&quot; violates foreign key constraint &quot;ref_ack_id_motivo&quot;
DETAIL:  Key (ack_id_motivo)=(1) is not present in table &quot;motivos_ack&quot;. in /home/aseopad/public_html/lib/db/postgres7.php on line 200
[01-Mar-2018 13:31:43 UTC] No se puede ejecutar la consulta:

		UPDATE alertas SET
			ack_id_motivo='1',
			ack_id_persona='0',
			ack_hora='2018-03-01 13:31:43'
		WHERE  hora &lt; '2018-03-01 12:31:43' and ack_id_motivo is null
	
Error PostgreSQL :: ERROR:  insert or update on table "alertas" violates foreign key constraint "ref_ack_id_motivo"
DETAIL:  Key (ack_id_motivo)=(1) is not present in table "motivos_ack".
[01-Mar-2018 13:33:30 UTC] PHP Warning:  pg_exec(): Query failed: ERROR:  insert or update on table &quot;alertas&quot; violates foreign key constraint &quot;ref_ack_id_motivo&quot;
DETAIL:  Key (ack_id_motivo)=(1) is not present in table &quot;motivos_ack&quot;. in /home/aseopad/public_html/lib/db/postgres7.php on line 200
[01-Mar-2018 13:33:30 UTC] No se puede ejecutar la consulta:

		UPDATE alertas SET
			ack_id_motivo='1',
			ack_id_persona='0',
			ack_hora='2018-03-01 13:33:30'
		WHERE  hora &lt; '2018-03-01 12:33:30' and ack_id_motivo is null
	
Error PostgreSQL :: ERROR:  insert or update on table "alertas" violates foreign key constraint "ref_ack_id_motivo"
DETAIL:  Key (ack_id_motivo)=(1) is not present in table "motivos_ack".
[01-Mar-2018 13:36:33 UTC] PHP Warning:  pg_exec(): Query failed: ERROR:  insert or update on table &quot;alertas&quot; violates foreign key constraint &quot;ref_ack_id_motivo&quot;
DETAIL:  Key (ack_id_motivo)=(1) is not present in table &quot;motivos_ack&quot;. in /home/aseopad/public_html/lib/db/postgres7.php on line 200
[01-Mar-2018 13:36:33 UTC] No se puede ejecutar la consulta:

		UPDATE alertas SET
			ack_id_motivo='1',
			ack_id_persona='0',
			ack_hora='2018-03-01 13:36:33'
		WHERE  hora &lt; '2018-03-01 12:36:33' and ack_id_motivo is null
	
Error PostgreSQL :: ERROR:  insert or update on table "alertas" violates foreign key constraint "ref_ack_id_motivo"
DETAIL:  Key (ack_id_motivo)=(1) is not present in table "motivos_ack".
[01-Mar-2018 13:41:33 UTC] PHP Warning:  pg_exec(): Query failed: ERROR:  insert or update on table &quot;alertas&quot; violates foreign key constraint &quot;ref_ack_id_motivo&quot;
DETAIL:  Key (ack_id_motivo)=(1) is not present in table &quot;motivos_ack&quot;. in /home/aseopad/public_html/lib/db/postgres7.php on line 200
[01-Mar-2018 13:41:33 UTC] No se puede ejecutar la consulta:

		UPDATE alertas SET
			ack_id_motivo='1',
			ack_id_persona='0',
			ack_hora='2018-03-01 13:41:33'
		WHERE  hora &lt; '2018-03-01 12:41:33' and ack_id_motivo is null
	
Error PostgreSQL :: ERROR:  insert or update on table "alertas" violates foreign key constraint "ref_ack_id_motivo"
DETAIL:  Key (ack_id_motivo)=(1) is not present in table "motivos_ack".
[01-Mar-2018 12:33:51 America/Bogota] PHP Warning:  pg_connect(): Unable to connect to PostgreSQL server: could not connect to server: No such file or directory
	Is the server running locally and accepting
	connections on Unix domain socket &quot;/var/run/postgresql/.s.PGSQL.5432&quot;? in /home/aseopad/public_html/lib/db/postgres7.php on line 106
[01-Mar-2018 12:33:51 America/Bogota] PHP Warning:  pg_last_error(): No PostgreSQL link opened yet in /home/aseopad/public_html/lib/db/postgres7.php on line 110
[01-Mar-2018 12:35:56 America/Bogota] PHP Warning:  pg_connect(): Unable to connect to PostgreSQL server: could not connect to server: No such file or directory
	Is the server running locally and accepting
	connections on Unix domain socket &quot;/var/run/postgresql/.s.PGSQL.5432&quot;? in /home/aseopad/public_html/lib/db/postgres7.php on line 106
[01-Mar-2018 12:35:56 America/Bogota] PHP Warning:  pg_last_error(): No PostgreSQL link opened yet in /home/aseopad/public_html/lib/db/postgres7.php on line 110
[01-Mar-2018 12:37:57 America/Bogota] PHP Warning:  pg_connect(): Unable to connect to PostgreSQL server: could not connect to server: No such file or directory
	Is the server running locally and accepting
	connections on Unix domain socket &quot;/var/run/postgresql/.s.PGSQL.5432&quot;? in /home/aseopad/public_html/lib/db/postgres7.php on line 106
[01-Mar-2018 12:37:57 America/Bogota] PHP Warning:  pg_last_error(): No PostgreSQL link opened yet in /home/aseopad/public_html/lib/db/postgres7.php on line 110
[01-Mar-2018 12:38:52 America/Bogota] PHP Warning:  pg_connect(): Unable to connect to PostgreSQL server: could not connect to server: No such file or directory
	Is the server running locally and accepting
	connections on Unix domain socket &quot;/var/run/postgresql/.s.PGSQL.5432&quot;? in /home/aseopad/public_html/lib/db/postgres7.php on line 106
[01-Mar-2018 12:38:52 America/Bogota] PHP Warning:  pg_last_error(): No PostgreSQL link opened yet in /home/aseopad/public_html/lib/db/postgres7.php on line 110
[02-Mar-2018 16:28:58 America/Bogota] No existe la sesión.
[02-Mar-2018 16:33:58 America/Bogota] No existe la sesión.
[02-Mar-2018 16:38:58 America/Bogota] No existe la sesión.
[02-Mar-2018 16:43:58 America/Bogota] No existe la sesión.
[02-Mar-2018 16:48:59 America/Bogota] No existe la sesión.
[02-Mar-2018 16:53:59 America/Bogota] No existe la sesión.
[02-Mar-2018 16:58:59 America/Bogota] No existe la sesión.
[02-Mar-2018 17:03:59 America/Bogota] No existe la sesión.
[02-Mar-2018 17:08:59 America/Bogota] No existe la sesión.
[02-Mar-2018 17:13:59 America/Bogota] No existe la sesión.
[02-Mar-2018 17:18:59 America/Bogota] No existe la sesión.
[02-Mar-2018 17:24:00 America/Bogota] No existe la sesión.
[02-Mar-2018 17:29:00 America/Bogota] No existe la sesión.
[02-Mar-2018 17:34:00 America/Bogota] No existe la sesión.
[02-Mar-2018 17:39:00 America/Bogota] No existe la sesión.
[02-Mar-2018 17:44:01 America/Bogota] No existe la sesión.
[02-Mar-2018 17:49:01 America/Bogota] No existe la sesión.
[02-Mar-2018 17:54:01 America/Bogota] No existe la sesión.
[02-Mar-2018 17:59:01 America/Bogota] No existe la sesión.
[02-Mar-2018 18:04:02 America/Bogota] No existe la sesión.
[02-Mar-2018 18:09:02 America/Bogota] No existe la sesión.
[02-Mar-2018 18:14:02 America/Bogota] No existe la sesión.
[02-Mar-2018 18:19:03 America/Bogota] No existe la sesión.
[11-Mar-2018 16:05:56 America/Bogota] No existe la sesión.
[11-Mar-2018 16:10:56 America/Bogota] No existe la sesión.
[11-Mar-2018 16:15:56 America/Bogota] No existe la sesión.
[11-Mar-2018 16:20:56 America/Bogota] No existe la sesión.
[11-Mar-2018 16:25:56 America/Bogota] No existe la sesión.
[11-Mar-2018 16:30:57 America/Bogota] No existe la sesión.
[11-Mar-2018 16:35:57 America/Bogota] No existe la sesión.
[11-Mar-2018 16:40:57 America/Bogota] No existe la sesión.
[11-Mar-2018 17:07:37 America/Bogota] No existe la sesión.
[11-Mar-2018 17:12:38 America/Bogota] No existe la sesión.
[11-Mar-2018 17:17:38 America/Bogota] No existe la sesión.
[11-Mar-2018 17:22:38 America/Bogota] No existe la sesión.
[11-Mar-2018 17:27:38 America/Bogota] No existe la sesión.
[11-Mar-2018 17:32:38 America/Bogota] No existe la sesión.
[11-Mar-2018 17:37:39 America/Bogota] No existe la sesión.
[11-Mar-2018 17:42:39 America/Bogota] No existe la sesión.
[11-Mar-2018 17:47:40 America/Bogota] No existe la sesión.
[11-Mar-2018 17:52:41 America/Bogota] No existe la sesión.
[11-Mar-2018 17:57:41 America/Bogota] No existe la sesión.
[11-Mar-2018 18:02:42 America/Bogota] No existe la sesión.
[11-Mar-2018 18:07:42 America/Bogota] No existe la sesión.
[11-Mar-2018 18:12:42 America/Bogota] No existe la sesión.
[11-Mar-2018 18:17:42 America/Bogota] No existe la sesión.
[11-Mar-2018 18:22:43 America/Bogota] No existe la sesión.
[11-Mar-2018 18:27:43 America/Bogota] No existe la sesión.
[11-Mar-2018 18:32:43 America/Bogota] No existe la sesión.
[11-Mar-2018 18:37:44 America/Bogota] No existe la sesión.
[11-Mar-2018 18:42:44 America/Bogota] No existe la sesión.
[11-Mar-2018 18:47:44 America/Bogota] No existe la sesión.
[11-Mar-2018 18:52:44 America/Bogota] No existe la sesión.
[11-Mar-2018 18:57:45 America/Bogota] No existe la sesión.
[11-Mar-2018 19:02:46 America/Bogota] No existe la sesión.
[11-Mar-2018 19:07:46 America/Bogota] No existe la sesión.
[11-Mar-2018 19:12:47 America/Bogota] No existe la sesión.
[11-Mar-2018 19:17:47 America/Bogota] No existe la sesión.
[11-Mar-2018 19:22:48 America/Bogota] No existe la sesión.
[11-Mar-2018 19:27:48 America/Bogota] No existe la sesión.
[11-Mar-2018 19:32:49 America/Bogota] No existe la sesión.
[11-Mar-2018 19:37:50 America/Bogota] No existe la sesión.
[11-Mar-2018 19:42:51 America/Bogota] No existe la sesión.
[11-Mar-2018 19:47:51 America/Bogota] No existe la sesión.
[11-Mar-2018 19:52:52 America/Bogota] No existe la sesión.
[11-Mar-2018 19:57:53 America/Bogota] No existe la sesión.
[11-Mar-2018 20:02:54 America/Bogota] No existe la sesión.
[11-Mar-2018 20:07:54 America/Bogota] No existe la sesión.
[11-Mar-2018 20:12:55 America/Bogota] No existe la sesión.
[11-Mar-2018 20:17:55 America/Bogota] No existe la sesión.
[11-Mar-2018 20:22:55 America/Bogota] No existe la sesión.
[11-Mar-2018 20:27:57 America/Bogota] No existe la sesión.
[11-Mar-2018 20:32:57 America/Bogota] No existe la sesión.
[11-Mar-2018 20:38:11 America/Bogota] No existe la sesión.
[11-Mar-2018 20:43:11 America/Bogota] No existe la sesión.
[11-Mar-2018 20:48:12 America/Bogota] No existe la sesión.
[11-Mar-2018 20:53:12 America/Bogota] No existe la sesión.
[11-Mar-2018 20:58:12 America/Bogota] No existe la sesión.
[11-Mar-2018 21:03:12 America/Bogota] No existe la sesión.
[11-Mar-2018 21:08:12 America/Bogota] No existe la sesión.
[11-Mar-2018 21:13:12 America/Bogota] No existe la sesión.
[11-Mar-2018 21:18:13 America/Bogota] No existe la sesión.
[11-Mar-2018 21:23:14 America/Bogota] No existe la sesión.
[11-Mar-2018 21:28:14 America/Bogota] No existe la sesión.
[11-Mar-2018 21:33:14 America/Bogota] No existe la sesión.
[11-Mar-2018 21:38:14 America/Bogota] No existe la sesión.
[11-Mar-2018 21:43:14 America/Bogota] No existe la sesión.
[11-Mar-2018 21:48:15 America/Bogota] No existe la sesión.
[11-Mar-2018 21:53:15 America/Bogota] No existe la sesión.
[11-Mar-2018 21:58:15 America/Bogota] No existe la sesión.
[12-Mar-2018 09:13:04 America/Bogota] No existe la sesión.
[12-Mar-2018 09:41:55 America/Bogota] No existe la sesión.
[12-Mar-2018 09:46:56 America/Bogota] No existe la sesión.
[12-Mar-2018 09:51:56 America/Bogota] No existe la sesión.
[12-Mar-2018 09:56:56 America/Bogota] No existe la sesión.
[12-Mar-2018 10:01:57 America/Bogota] No existe la sesión.
[12-Mar-2018 10:06:57 America/Bogota] No existe la sesión.
[13-Mar-2018 22:57:35 America/Bogota] No existe la sesión.
[13-Mar-2018 23:02:35 America/Bogota] No existe la sesión.
[13-Mar-2018 23:07:36 America/Bogota] No existe la sesión.
[13-Mar-2018 23:12:36 America/Bogota] No existe la sesión.
[15-Mar-2018 16:01:34 America/Bogota] No existe la sesión.
[15-Mar-2018 16:06:35 America/Bogota] No existe la sesión.
[15-Mar-2018 16:11:35 America/Bogota] No existe la sesión.
[15-Mar-2018 16:16:36 America/Bogota] No existe la sesión.
[15-Mar-2018 16:21:36 America/Bogota] No existe la sesión.
[15-Mar-2018 16:26:37 America/Bogota] No existe la sesión.
[15-Mar-2018 16:31:38 America/Bogota] No existe la sesión.
[15-Mar-2018 16:36:39 America/Bogota] No existe la sesión.
[15-Mar-2018 16:41:40 America/Bogota] No existe la sesión.
[15-Mar-2018 16:46:41 America/Bogota] No existe la sesión.
[15-Mar-2018 16:51:42 America/Bogota] No existe la sesión.
[15-Mar-2018 16:56:43 America/Bogota] No existe la sesión.
[15-Mar-2018 17:01:44 America/Bogota] No existe la sesión.
[15-Mar-2018 17:06:45 America/Bogota] No existe la sesión.
[15-Mar-2018 17:11:46 America/Bogota] No existe la sesión.
[15-Mar-2018 17:16:47 America/Bogota] No existe la sesión.
[15-Mar-2018 17:21:48 America/Bogota] No existe la sesión.
[15-Mar-2018 17:26:49 America/Bogota] No existe la sesión.
[15-Mar-2018 17:31:50 America/Bogota] No existe la sesión.
[15-Mar-2018 17:36:51 America/Bogota] No existe la sesión.
[15-Mar-2018 17:41:52 America/Bogota] No existe la sesión.
[15-Mar-2018 17:46:53 America/Bogota] No existe la sesión.
[15-Mar-2018 17:51:54 America/Bogota] No existe la sesión.
